2025-05-16T09:41:23.431Z - Executing (default): SELECT 1+1 AS result
2025-05-16T09:41:23.435Z - Executing (default): SELECT TABLE_NAME FROM INFORMATION_SCHEMA.TABLES WHERE TABLE_TYPE = 'BASE TABLE' AND TABLE_SCHEMA = 'coach_ally';
2025-05-16T09:41:23.444Z - Executing (default): SELECT TABLE_NAME FROM INFORMATION_SCHEMA.TABLES WHERE TABLE_TYPE = 'BASE TABLE' AND TABLE_NAME = 'SequelizeMeta' AND TABLE_SCHEMA = 'coach_ally'
2025-05-16T09:41:23.447Z - Executing (default): SHOW INDEX FROM `SequelizeMeta`
2025-05-16T09:41:23.454Z - Executing (default): SELECT `name` FROM `SequelizeMeta` AS `SequelizeMeta` ORDER BY `SequelizeMeta`.`name` ASC;
2025-05-16T09:41:23.458Z - Executing (default): SELECT TABLE_NAME FROM INFORMATION_SCHEMA.TABLES WHERE TABLE_TYPE = 'BASE TABLE' AND TABLE_NAME = 'SequelizeMeta' AND TABLE_SCHEMA = 'coach_ally'
2025-05-16T09:41:23.460Z - Executing (default): SHOW INDEX FROM `SequelizeMeta`
2025-05-16T09:41:23.463Z - Executing (default): SELECT `name` FROM `SequelizeMeta` AS `SequelizeMeta` ORDER BY `SequelizeMeta`.`name` ASC;
2025-05-16T09:41:23.467Z - Executing (default): SELECT TABLE_NAME FROM INFORMATION_SCHEMA.TABLES WHERE TABLE_TYPE = 'BASE TABLE' AND TABLE_NAME = 'SequelizeMeta' AND TABLE_SCHEMA = 'coach_ally'
2025-05-16T09:41:23.469Z - Executing (default): SHOW INDEX FROM `SequelizeMeta`
2025-05-16T09:41:23.472Z - Executing (default): SELECT `name` FROM `SequelizeMeta` AS `SequelizeMeta` ORDER BY `SequelizeMeta`.`name` ASC;
2025-05-16T09:41:23.476Z - Executing (default): ALTER TABLE `users` ADD `role` ENUM('user', 'admin') NOT NULL DEFAULT 'user';
2025-05-16T09:41:23.524Z - Executing (default): ALTER TABLE `users` ADD `is_email_verified` TINYINT(1) NOT NULL DEFAULT false;
2025-05-16T09:41:23.565Z - Executing (default): ALTER TABLE `users` ADD `last_login` DATETIME;
2025-05-16T09:41:23.605Z - Executing (default): ALTER TABLE `users` ADD `refresh_token` VARCHAR(255);
2025-05-16T09:41:23.642Z - Executing (default): ALTER TABLE `users` ADD `password_reset_token` VARCHAR(255);
2025-05-16T09:41:23.684Z - Executing (default): ALTER TABLE `users` ADD `password_reset_expires` DATETIME;
2025-05-16T09:41:23.722Z - Executing (default): ALTER TABLE `users` ADD `email_verification_token` VARCHAR(255);
2025-05-16T09:41:23.762Z - Executing (default): ALTER TABLE `users` ADD `email_verification_token_expires` DATETIME;
2025-05-16T09:41:23.802Z - Executing (default): SELECT TABLE_NAME FROM INFORMATION_SCHEMA.TABLES WHERE TABLE_TYPE = 'BASE TABLE' AND TABLE_NAME = 'SequelizeMeta' AND TABLE_SCHEMA = 'coach_ally'
2025-05-16T09:41:23.804Z - Executing (default): SHOW INDEX FROM `SequelizeMeta`
2025-05-16T09:41:23.809Z - Executing (default): INSERT INTO `SequelizeMeta` (`name`) VALUES (?);
2025-05-16T09:45:38.806Z - Executing (default): SELECT 1+1 AS result
2025-05-16T09:45:38.809Z - Executing (default): SELECT TABLE_NAME FROM INFORMATION_SCHEMA.TABLES WHERE TABLE_TYPE = 'BASE TABLE' AND TABLE_SCHEMA = 'coach_ally';
2025-05-16T09:45:38.817Z - Executing (default): SELECT TABLE_NAME FROM INFORMATION_SCHEMA.TABLES WHERE TABLE_TYPE = 'BASE TABLE' AND TABLE_NAME = 'SequelizeMeta' AND TABLE_SCHEMA = 'coach_ally'
2025-05-16T09:45:38.820Z - Executing (default): SHOW INDEX FROM `SequelizeMeta`
2025-05-16T09:45:38.826Z - Executing (default): SELECT `name` FROM `SequelizeMeta` AS `SequelizeMeta` ORDER BY `SequelizeMeta`.`name` ASC;
2025-05-16T09:47:08.620Z - Executing (default): DROP DATABASE IF EXISTS `coach_ally`
2025-05-16T09:48:35.471Z - Executing (default): CREATE DATABASE IF NOT EXISTS `coach_ally`
2025-05-16T09:49:20.530Z - Executing (default): SELECT 1+1 AS result
2025-05-16T09:49:20.534Z - Executing (default): SELECT TABLE_NAME FROM INFORMATION_SCHEMA.TABLES WHERE TABLE_TYPE = 'BASE TABLE' AND TABLE_SCHEMA = 'coach_ally';
2025-05-16T09:49:20.541Z - Executing (default): SELECT TABLE_NAME FROM INFORMATION_SCHEMA.TABLES WHERE TABLE_TYPE = 'BASE TABLE' AND TABLE_NAME = 'SequelizeMeta' AND TABLE_SCHEMA = 'coach_ally'
2025-05-16T09:49:20.544Z - Executing (default): CREATE TABLE IF NOT EXISTS `SequelizeMeta` (`name` VARCHAR(255) NOT NULL UNIQUE , PRIMARY KEY (`name`)) ENGINE=InnoDB DEFAULT CHARSET=utf8 COLLATE utf8_unicode_ci;
2025-05-16T09:49:20.566Z - Executing (default): SHOW INDEX FROM `SequelizeMeta`
2025-05-16T09:49:20.574Z - Executing (default): SELECT `name` FROM `SequelizeMeta` AS `SequelizeMeta` ORDER BY `SequelizeMeta`.`name` ASC;
2025-05-16T09:49:20.577Z - Executing (default): SELECT TABLE_NAME FROM INFORMATION_SCHEMA.TABLES WHERE TABLE_TYPE = 'BASE TABLE' AND TABLE_NAME = 'SequelizeMeta' AND TABLE_SCHEMA = 'coach_ally'
2025-05-16T09:49:20.580Z - Executing (default): SHOW INDEX FROM `SequelizeMeta`
2025-05-16T09:49:20.583Z - Executing (default): SELECT `name` FROM `SequelizeMeta` AS `SequelizeMeta` ORDER BY `SequelizeMeta`.`name` ASC;
2025-05-16T09:49:20.588Z - Executing (default): SELECT TABLE_NAME FROM INFORMATION_SCHEMA.TABLES WHERE TABLE_TYPE = 'BASE TABLE' AND TABLE_NAME = 'SequelizeMeta' AND TABLE_SCHEMA = 'coach_ally'
2025-05-16T09:49:20.590Z - Executing (default): SHOW INDEX FROM `SequelizeMeta`
2025-05-16T09:49:20.592Z - Executing (default): SELECT `name` FROM `SequelizeMeta` AS `SequelizeMeta` ORDER BY `SequelizeMeta`.`name` ASC;
2025-05-16T09:49:20.596Z - Executing (default): CREATE TABLE IF NOT EXISTS `users` (`id` CHAR(36) BINARY NOT NULL , `username` VARCHAR(255) NOT NULL UNIQUE, `email` VARCHAR(255) NOT NULL UNIQUE, `password` VARCHAR(255) NOT NULL, `first_name` VARCHAR(255), `last_name` VARCHAR(255), `created_at` DATETIME NOT NULL, `updated_at` DATETIME NOT NULL, PRIMARY KEY (`id`)) ENGINE=InnoDB;
2025-05-16T09:49:20.619Z - Executing (default): SELECT TABLE_NAME FROM INFORMATION_SCHEMA.TABLES WHERE TABLE_TYPE = 'BASE TABLE' AND TABLE_NAME = 'SequelizeMeta' AND TABLE_SCHEMA = 'coach_ally'
2025-05-16T09:49:20.620Z - Executing (default): SHOW INDEX FROM `SequelizeMeta`
2025-05-16T09:49:20.625Z - Executing (default): INSERT INTO `SequelizeMeta` (`name`) VALUES (?);
2025-05-16T09:49:20.629Z - Executing (default): SELECT TABLE_NAME FROM INFORMATION_SCHEMA.TABLES WHERE TABLE_TYPE = 'BASE TABLE' AND TABLE_NAME = 'SequelizeMeta' AND TABLE_SCHEMA = 'coach_ally'
2025-05-16T09:49:20.631Z - Executing (default): SHOW INDEX FROM `SequelizeMeta`
2025-05-16T09:49:20.634Z - Executing (default): SELECT `name` FROM `SequelizeMeta` AS `SequelizeMeta` ORDER BY `SequelizeMeta`.`name` ASC;
2025-05-16T09:49:20.637Z - Executing (default): CREATE TABLE IF NOT EXISTS `conversations` (`id` CHAR(36) BINARY NOT NULL , `created_at` DATETIME NOT NULL, `updated_at` DATETIME NOT NULL, PRIMARY KEY (`id`)) ENGINE=InnoDB;
2025-05-16T09:49:20.648Z - Executing (default): SELECT TABLE_NAME FROM INFORMATION_SCHEMA.TABLES WHERE TABLE_TYPE = 'BASE TABLE' AND TABLE_NAME = 'SequelizeMeta' AND TABLE_SCHEMA = 'coach_ally'
2025-05-16T09:49:20.650Z - Executing (default): SHOW INDEX FROM `SequelizeMeta`
2025-05-16T09:49:20.653Z - Executing (default): INSERT INTO `SequelizeMeta` (`name`) VALUES (?);
2025-05-16T09:49:20.655Z - Executing (default): SELECT TABLE_NAME FROM INFORMATION_SCHEMA.TABLES WHERE TABLE_TYPE = 'BASE TABLE' AND TABLE_NAME = 'SequelizeMeta' AND TABLE_SCHEMA = 'coach_ally'
2025-05-16T09:49:20.657Z - Executing (default): SHOW INDEX FROM `SequelizeMeta`
2025-05-16T09:49:20.660Z - Executing (default): SELECT `name` FROM `SequelizeMeta` AS `SequelizeMeta` ORDER BY `SequelizeMeta`.`name` ASC;
2025-05-16T09:49:20.663Z - Executing (default): CREATE TABLE IF NOT EXISTS `messages` (`id` CHAR(36) BINARY NOT NULL , `content` TEXT NOT NULL, `sender_id` CHAR(36) BINARY NOT NULL, `conversation_id` CHAR(36) BINARY NOT NULL, `is_read` TINYINT(1) NOT NULL DEFAULT false, `created_at` DATETIME NOT NULL, `updated_at` DATETIME NOT NULL, PRIMARY KEY (`id`), FOREIGN KEY (`sender_id`) REFERENCES `users` (`id`) ON DELETE CASCADE ON UPDATE CASCADE, FOREIGN KEY (`conversation_id`) REFERENCES `conversations` (`id`) ON DELETE CASCADE ON UPDATE CASCADE) ENGINE=InnoDB;
2025-05-16T09:49:20.691Z - Executing (default): SELECT TABLE_NAME FROM INFORMATION_SCHEMA.TABLES WHERE TABLE_TYPE = 'BASE TABLE' AND TABLE_NAME = 'SequelizeMeta' AND TABLE_SCHEMA = 'coach_ally'
2025-05-16T09:49:20.693Z - Executing (default): SHOW INDEX FROM `SequelizeMeta`
2025-05-16T09:49:20.696Z - Executing (default): INSERT INTO `SequelizeMeta` (`name`) VALUES (?);
2025-05-16T09:49:20.699Z - Executing (default): SELECT TABLE_NAME FROM INFORMATION_SCHEMA.TABLES WHERE TABLE_TYPE = 'BASE TABLE' AND TABLE_NAME = 'SequelizeMeta' AND TABLE_SCHEMA = 'coach_ally'
2025-05-16T09:49:20.701Z - Executing (default): SHOW INDEX FROM `SequelizeMeta`
2025-05-16T09:49:20.704Z - Executing (default): SELECT `name` FROM `SequelizeMeta` AS `SequelizeMeta` ORDER BY `SequelizeMeta`.`name` ASC;
2025-05-16T09:49:20.707Z - Executing (default): CREATE TABLE IF NOT EXISTS `UserConversations` (`user_id` CHAR(36) BINARY NOT NULL , `conversation_id` CHAR(36) BINARY NOT NULL , `created_at` DATETIME NOT NULL, `updated_at` DATETIME NOT NULL, PRIMARY KEY (`user_id`, `conversation_id`), FOREIGN KEY (`user_id`) REFERENCES `users` (`id`) ON DELETE CASCADE ON UPDATE CASCADE, FOREIGN KEY (`conversation_id`) REFERENCES `conversations` (`id`) ON DELETE CASCADE ON UPDATE CASCADE) ENGINE=InnoDB;
2025-05-16T09:49:20.735Z - Executing (default): SELECT TABLE_NAME FROM INFORMATION_SCHEMA.TABLES WHERE TABLE_TYPE = 'BASE TABLE' AND TABLE_NAME = 'SequelizeMeta' AND TABLE_SCHEMA = 'coach_ally'
2025-05-16T09:49:20.737Z - Executing (default): SHOW INDEX FROM `SequelizeMeta`
2025-05-16T09:49:20.740Z - Executing (default): INSERT INTO `SequelizeMeta` (`name`) VALUES (?);
2025-05-16T09:49:20.743Z - Executing (default): SELECT TABLE_NAME FROM INFORMATION_SCHEMA.TABLES WHERE TABLE_TYPE = 'BASE TABLE' AND TABLE_NAME = 'SequelizeMeta' AND TABLE_SCHEMA = 'coach_ally'
2025-05-16T09:49:20.745Z - Executing (default): SHOW INDEX FROM `SequelizeMeta`
2025-05-16T09:49:20.747Z - Executing (default): SELECT `name` FROM `SequelizeMeta` AS `SequelizeMeta` ORDER BY `SequelizeMeta`.`name` ASC;
2025-05-16T09:49:20.751Z - Executing (default): ALTER TABLE `users` ADD `passwordResetToken` VARCHAR(255);
2025-05-16T09:49:20.793Z - Executing (default): ALTER TABLE `users` ADD `passwordResetExpires` DATETIME;
2025-05-16T09:49:20.835Z - Executing (default): ALTER TABLE `users` ADD `emailVerificationToken` VARCHAR(255);
2025-05-16T09:49:20.869Z - Executing (default): ALTER TABLE `users` ADD `emailVerificationTokenExpires` DATETIME;
2025-05-16T09:49:20.907Z - Executing (default): SELECT TABLE_NAME FROM INFORMATION_SCHEMA.TABLES WHERE TABLE_TYPE = 'BASE TABLE' AND TABLE_NAME = 'SequelizeMeta' AND TABLE_SCHEMA = 'coach_ally'
2025-05-16T09:49:20.909Z - Executing (default): SHOW INDEX FROM `SequelizeMeta`
2025-05-16T09:49:20.912Z - Executing (default): INSERT INTO `SequelizeMeta` (`name`) VALUES (?);
2025-05-16T09:49:20.914Z - Executing (default): SELECT TABLE_NAME FROM INFORMATION_SCHEMA.TABLES WHERE TABLE_TYPE = 'BASE TABLE' AND TABLE_NAME = 'SequelizeMeta' AND TABLE_SCHEMA = 'coach_ally'
2025-05-16T09:49:20.916Z - Executing (default): SHOW INDEX FROM `SequelizeMeta`
2025-05-16T09:49:20.919Z - Executing (default): SELECT `name` FROM `SequelizeMeta` AS `SequelizeMeta` ORDER BY `SequelizeMeta`.`name` ASC;
2025-05-16T09:49:20.922Z - Executing (default): ALTER TABLE `users` ADD `role` ENUM('user', 'admin') NOT NULL DEFAULT 'user';
2025-05-16T09:49:20.958Z - Executing (default): ALTER TABLE `users` ADD `is_email_verified` TINYINT(1) NOT NULL DEFAULT false;
2025-05-16T09:49:20.995Z - Executing (default): ALTER TABLE `users` ADD `last_login` DATETIME;
2025-05-16T09:49:21.036Z - Executing (default): ALTER TABLE `users` ADD `refresh_token` VARCHAR(255);
2025-05-16T09:49:21.090Z - Executing (default): ALTER TABLE `users` ADD `password_reset_token` VARCHAR(255);
2025-05-16T09:49:21.125Z - Executing (default): ALTER TABLE `users` ADD `password_reset_expires` DATETIME;
2025-05-16T09:49:21.159Z - Executing (default): ALTER TABLE `users` ADD `email_verification_token` VARCHAR(255);
2025-05-16T09:49:21.199Z - Executing (default): ALTER TABLE `users` ADD `email_verification_token_expires` DATETIME;
2025-05-16T09:49:21.234Z - Executing (default): SELECT TABLE_NAME FROM INFORMATION_SCHEMA.TABLES WHERE TABLE_TYPE = 'BASE TABLE' AND TABLE_NAME = 'SequelizeMeta' AND TABLE_SCHEMA = 'coach_ally'
2025-05-16T09:49:21.236Z - Executing (default): SHOW INDEX FROM `SequelizeMeta`
2025-05-16T09:49:21.238Z - Executing (default): INSERT INTO `SequelizeMeta` (`name`) VALUES (?);
2025-05-16T10:00:24.654Z - Executing (default): SELECT 1+1 AS result
2025-05-16T16:45:55.208Z - Executing (default): SELECT 1+1 AS result
2025-05-16T16:45:55.212Z - Executing (default): SELECT TABLE_NAME FROM INFORMATION_SCHEMA.TABLES WHERE TABLE_TYPE = 'BASE TABLE' AND TABLE_SCHEMA = 'coach_ally';
2025-05-16T16:45:55.224Z - Executing (default): SELECT TABLE_NAME FROM INFORMATION_SCHEMA.TABLES WHERE TABLE_TYPE = 'BASE TABLE' AND TABLE_NAME = 'SequelizeMeta' AND TABLE_SCHEMA = 'coach_ally'
2025-05-16T16:45:55.226Z - Executing (default): SHOW INDEX FROM `SequelizeMeta`
2025-05-16T16:45:55.233Z - Executing (default): SELECT `name` FROM `SequelizeMeta` AS `SequelizeMeta` ORDER BY `SequelizeMeta`.`name` ASC;
2025-05-16T16:46:21.267Z - Executing (default): SELECT 1+1 AS result
2025-05-16T16:46:21.350Z - Executing (default): SELECT id FROM users WHERE email = 'test@example.com' OR username = 'testuser'
2025-05-16T16:47:41.055Z - Executing (default): SELECT 1+1 AS result
2025-05-16T16:47:41.140Z - Executing (default): SELECT id FROM users WHERE email = 'test@example.com' OR username = 'testuser'
2025-05-16T17:30:41.506Z - Executing (default): SELECT 1+1 AS result
2025-05-16T17:30:41.510Z - Executing (default): SELECT TABLE_NAME FROM INFORMATION_SCHEMA.TABLES WHERE TABLE_TYPE = 'BASE TABLE' AND TABLE_SCHEMA = 'coach_ally';
2025-05-16T17:30:41.517Z - Executing (default): SELECT TABLE_NAME FROM INFORMATION_SCHEMA.TABLES WHERE TABLE_TYPE = 'BASE TABLE' AND TABLE_NAME = 'SequelizeMeta' AND TABLE_SCHEMA = 'coach_ally'
2025-05-16T17:30:41.519Z - Executing (default): SHOW INDEX FROM `SequelizeMeta`
2025-05-16T17:30:41.526Z - Executing (default): SELECT `name` FROM `SequelizeMeta` AS `SequelizeMeta` ORDER BY `SequelizeMeta`.`name` ASC;
2025-05-16T17:30:41.530Z - Executing (default): SELECT TABLE_NAME FROM INFORMATION_SCHEMA.TABLES WHERE TABLE_TYPE = 'BASE TABLE' AND TABLE_NAME = 'SequelizeMeta' AND TABLE_SCHEMA = 'coach_ally'
2025-05-16T17:30:41.533Z - Executing (default): SHOW INDEX FROM `SequelizeMeta`
2025-05-16T17:30:41.535Z - Executing (default): SELECT `name` FROM `SequelizeMeta` AS `SequelizeMeta` ORDER BY `SequelizeMeta`.`name` ASC;
2025-05-16T17:30:41.539Z - Executing (default): SELECT TABLE_NAME FROM INFORMATION_SCHEMA.TABLES WHERE TABLE_TYPE = 'BASE TABLE' AND TABLE_NAME = 'SequelizeMeta' AND TABLE_SCHEMA = 'coach_ally'
2025-05-16T17:30:41.542Z - Executing (default): SHOW INDEX FROM `SequelizeMeta`
2025-05-16T17:30:41.545Z - Executing (default): SELECT `name` FROM `SequelizeMeta` AS `SequelizeMeta` ORDER BY `SequelizeMeta`.`name` ASC;
2025-05-16T17:30:41.549Z - Executing (default): ALTER TABLE `conversations` ADD `type` ENUM('direct', 'group') NOT NULL DEFAULT 'direct';
2025-05-16T17:30:41.580Z - Executing (default): ALTER TABLE `conversations` ADD `name` VARCHAR(255);
2025-05-16T17:30:41.603Z - Executing (default): ALTER TABLE `conversations` ADD `createdBy` CHAR(36) BINARY NOT NULL, ADD CONSTRAINT `conversations_createdBy_foreign_idx` FOREIGN KEY (`createdBy`) REFERENCES `users` (`id`) ON DELETE CASCADE ON UPDATE CASCADE;
2025-05-16T17:30:41.648Z - Executing (default): ALTER TABLE `conversations` ADD INDEX `conversations_created_by` (`createdBy`)
2025-05-16T17:30:41.663Z - Executing (default): SELECT TABLE_NAME FROM INFORMATION_SCHEMA.TABLES WHERE TABLE_TYPE = 'BASE TABLE' AND TABLE_NAME = 'SequelizeMeta' AND TABLE_SCHEMA = 'coach_ally'
2025-05-16T17:30:41.665Z - Executing (default): SHOW INDEX FROM `SequelizeMeta`
2025-05-16T17:30:41.670Z - Executing (default): INSERT INTO `SequelizeMeta` (`name`) VALUES (?);
2025-05-16T18:00:10.353Z - Executing (default): SELECT 1+1 AS result
2025-05-16T18:00:10.357Z - Executing (default): SELECT TABLE_NAME FROM INFORMATION_SCHEMA.TABLES WHERE TABLE_TYPE = 'BASE TABLE' AND TABLE_SCHEMA = 'coach_ally';
2025-05-16T18:00:10.365Z - Executing (default): SELECT TABLE_NAME FROM INFORMATION_SCHEMA.TABLES WHERE TABLE_TYPE = 'BASE TABLE' AND TABLE_NAME = 'SequelizeMeta' AND TABLE_SCHEMA = 'coach_ally'
2025-05-16T18:00:10.367Z - Executing (default): SHOW INDEX FROM `SequelizeMeta`
2025-05-16T18:00:10.374Z - Executing (default): SELECT `name` FROM `SequelizeMeta` AS `SequelizeMeta` ORDER BY `SequelizeMeta`.`name` ASC;
2025-05-16T18:00:10.378Z - Executing (default): SELECT TABLE_NAME FROM INFORMATION_SCHEMA.TABLES WHERE TABLE_TYPE = 'BASE TABLE' AND TABLE_NAME = 'SequelizeMeta' AND TABLE_SCHEMA = 'coach_ally'
2025-05-16T18:00:10.380Z - Executing (default): SHOW INDEX FROM `SequelizeMeta`
2025-05-16T18:00:10.383Z - Executing (default): SELECT `name` FROM `SequelizeMeta` AS `SequelizeMeta` ORDER BY `SequelizeMeta`.`name` ASC;
2025-05-16T18:00:10.387Z - Executing (default): SELECT TABLE_NAME FROM INFORMATION_SCHEMA.TABLES WHERE TABLE_TYPE = 'BASE TABLE' AND TABLE_NAME = 'SequelizeMeta' AND TABLE_SCHEMA = 'coach_ally'
2025-05-16T18:00:10.390Z - Executing (default): SHOW INDEX FROM `SequelizeMeta`
2025-05-16T18:00:10.392Z - Executing (default): SELECT `name` FROM `SequelizeMeta` AS `SequelizeMeta` ORDER BY `SequelizeMeta`.`name` ASC;
2025-05-16T18:00:10.398Z - Executing (default): CREATE TABLE IF NOT EXISTS `UserConversations` (`id` CHAR(36) BINARY NOT NULL , `userId` CHAR(36) BINARY NOT NULL, `conversationId` CHAR(36) BINARY NOT NULL, `created_at` DATETIME NOT NULL, `updated_at` DATETIME NOT NULL, PRIMARY KEY (`id`), FOREIGN KEY (`userId`) REFERENCES `Users` (`id`) ON DELETE CASCADE ON UPDATE CASCADE, FOREIGN KEY (`conversationId`) REFERENCES `Conversations` (`id`) ON DELETE CASCADE ON UPDATE CASCADE) ENGINE=InnoDB;
2025-05-16T18:00:10.403Z - Executing (default): ALTER TABLE `UserConversations` ADD UNIQUE INDEX `user_conversation_unique` (`userId`, `conversationId`)
2025-05-16T18:03:54.071Z - Executing (default): SELECT 1+1 AS result
2025-05-16T18:03:54.075Z - Executing (default): SELECT TABLE_NAME FROM INFORMATION_SCHEMA.TABLES WHERE TABLE_TYPE = 'BASE TABLE' AND TABLE_SCHEMA = 'coach_ally';
2025-05-16T18:03:54.083Z - Executing (default): SELECT TABLE_NAME FROM INFORMATION_SCHEMA.TABLES WHERE TABLE_TYPE = 'BASE TABLE' AND TABLE_NAME = 'SequelizeMeta' AND TABLE_SCHEMA = 'coach_ally'
2025-05-16T18:03:54.085Z - Executing (default): SHOW INDEX FROM `SequelizeMeta`
2025-05-16T18:03:54.092Z - Executing (default): SELECT `name` FROM `SequelizeMeta` AS `SequelizeMeta` ORDER BY `SequelizeMeta`.`name` ASC;
2025-05-16T18:03:54.097Z - Executing (default): SELECT TABLE_NAME FROM INFORMATION_SCHEMA.TABLES WHERE TABLE_TYPE = 'BASE TABLE' AND TABLE_NAME = 'SequelizeMeta' AND TABLE_SCHEMA = 'coach_ally'
2025-05-16T18:03:54.099Z - Executing (default): SHOW INDEX FROM `SequelizeMeta`
2025-05-16T18:03:54.102Z - Executing (default): SELECT `name` FROM `SequelizeMeta` AS `SequelizeMeta` ORDER BY `SequelizeMeta`.`name` ASC;
2025-05-16T18:03:54.106Z - Executing (default): SELECT TABLE_NAME FROM INFORMATION_SCHEMA.TABLES WHERE TABLE_TYPE = 'BASE TABLE' AND TABLE_NAME = 'SequelizeMeta' AND TABLE_SCHEMA = 'coach_ally'
2025-05-16T18:03:54.109Z - Executing (default): SHOW INDEX FROM `SequelizeMeta`
2025-05-16T18:03:54.112Z - Executing (default): SELECT `name` FROM `SequelizeMeta` AS `SequelizeMeta` ORDER BY `SequelizeMeta`.`name` ASC;
2025-05-16T18:03:54.118Z - Executing (default): CREATE TABLE IF NOT EXISTS `UserConversations` (`id` CHAR(36) BINARY NOT NULL , `user_id` CHAR(36) BINARY NOT NULL, `conversation_id` CHAR(36) BINARY NOT NULL, `created_at` DATETIME NOT NULL, `updated_at` DATETIME NOT NULL, PRIMARY KEY (`id`), FOREIGN KEY (`user_id`) REFERENCES `Users` (`id`) ON DELETE CASCADE ON UPDATE CASCADE, FOREIGN KEY (`conversation_id`) REFERENCES `Conversations` (`id`) ON DELETE CASCADE ON UPDATE CASCADE) ENGINE=InnoDB;
2025-05-16T18:03:54.121Z - Executing (default): ALTER TABLE `UserConversations` ADD UNIQUE INDEX `user_conversation_unique` (`userId`, `conversationId`)
2025-05-16T18:05:48.526Z - Executing (default): SELECT 1+1 AS result
2025-05-16T18:05:48.530Z - Executing (default): SELECT TABLE_NAME FROM INFORMATION_SCHEMA.TABLES WHERE TABLE_TYPE = 'BASE TABLE' AND TABLE_SCHEMA = 'coach_ally';
2025-05-16T18:05:48.535Z - Executing (default): SELECT TABLE_NAME FROM INFORMATION_SCHEMA.TABLES WHERE TABLE_TYPE = 'BASE TABLE' AND TABLE_NAME = 'SequelizeMeta' AND TABLE_SCHEMA = 'coach_ally'
2025-05-16T18:05:48.537Z - Executing (default): SHOW INDEX FROM `SequelizeMeta`
2025-05-16T18:05:48.544Z - Executing (default): SELECT `name` FROM `SequelizeMeta` AS `SequelizeMeta` ORDER BY `SequelizeMeta`.`name` ASC;
2025-05-16T18:05:48.549Z - Executing (default): SELECT TABLE_NAME FROM INFORMATION_SCHEMA.TABLES WHERE TABLE_TYPE = 'BASE TABLE' AND TABLE_NAME = 'SequelizeMeta' AND TABLE_SCHEMA = 'coach_ally'
2025-05-16T18:05:48.551Z - Executing (default): SHOW INDEX FROM `SequelizeMeta`
2025-05-16T18:05:48.554Z - Executing (default): SELECT `name` FROM `SequelizeMeta` AS `SequelizeMeta` ORDER BY `SequelizeMeta`.`name` ASC;
2025-05-16T18:05:48.562Z - Executing (default): SELECT TABLE_NAME FROM INFORMATION_SCHEMA.TABLES WHERE TABLE_TYPE = 'BASE TABLE' AND TABLE_NAME = 'SequelizeMeta' AND TABLE_SCHEMA = 'coach_ally'
2025-05-16T18:05:48.565Z - Executing (default): SHOW INDEX FROM `SequelizeMeta`
2025-05-16T18:05:48.568Z - Executing (default): SELECT `name` FROM `SequelizeMeta` AS `SequelizeMeta` ORDER BY `SequelizeMeta`.`name` ASC;
2025-05-16T18:05:48.571Z - Executing (default): SELECT CONSTRAINT_NAME as constraint_name,CONSTRAINT_NAME as constraintName,CONSTRAINT_SCHEMA as constraintSchema,CONSTRAINT_SCHEMA as constraintCatalog,TABLE_NAME as tableName,TABLE_SCHEMA as tableSchema,TABLE_SCHEMA as tableCatalog,COLUMN_NAME as columnName,REFERENCED_TABLE_SCHEMA as referencedTableSchema,REFERENCED_TABLE_SCHEMA as referencedTableCatalog,REFERENCED_TABLE_NAME as referencedTableName,REFERENCED_COLUMN_NAME as referencedColumnName FROM INFORMATION_SCHEMA.KEY_COLUMN_USAGE WHERE (REFERENCED_TABLE_NAME = 'users' AND REFERENCED_TABLE_SCHEMA = 'coach_ally' AND REFERENCED_COLUMN_NAME = 'role') OR (TABLE_NAME = 'users' AND TABLE_SCHEMA = 'coach_ally' AND COLUMN_NAME = 'role' AND REFERENCED_TABLE_NAME IS NOT NULL)
2025-05-16T18:05:48.581Z - Executing (default): ALTER TABLE `users` DROP `role`;
2025-05-16T18:05:48.597Z - Executing (default): SELECT CONSTRAINT_NAME as constraint_name,CONSTRAINT_NAME as constraintName,CONSTRAINT_SCHEMA as constraintSchema,CONSTRAINT_SCHEMA as constraintCatalog,TABLE_NAME as tableName,TABLE_SCHEMA as tableSchema,TABLE_SCHEMA as tableCatalog,COLUMN_NAME as columnName,REFERENCED_TABLE_SCHEMA as referencedTableSchema,REFERENCED_TABLE_SCHEMA as referencedTableCatalog,REFERENCED_TABLE_NAME as referencedTableName,REFERENCED_COLUMN_NAME as referencedColumnName FROM INFORMATION_SCHEMA.KEY_COLUMN_USAGE WHERE (REFERENCED_TABLE_NAME = 'users' AND REFERENCED_TABLE_SCHEMA = 'coach_ally' AND REFERENCED_COLUMN_NAME = 'is_email_verified') OR (TABLE_NAME = 'users' AND TABLE_SCHEMA = 'coach_ally' AND COLUMN_NAME = 'is_email_verified' AND REFERENCED_TABLE_NAME IS NOT NULL)
2025-05-16T18:05:48.602Z - Executing (default): ALTER TABLE `users` DROP `is_email_verified`;
2025-05-16T18:05:48.618Z - Executing (default): SELECT CONSTRAINT_NAME as constraint_name,CONSTRAINT_NAME as constraintName,CONSTRAINT_SCHEMA as constraintSchema,CONSTRAINT_SCHEMA as constraintCatalog,TABLE_NAME as tableName,TABLE_SCHEMA as tableSchema,TABLE_SCHEMA as tableCatalog,COLUMN_NAME as columnName,REFERENCED_TABLE_SCHEMA as referencedTableSchema,REFERENCED_TABLE_SCHEMA as referencedTableCatalog,REFERENCED_TABLE_NAME as referencedTableName,REFERENCED_COLUMN_NAME as referencedColumnName FROM INFORMATION_SCHEMA.KEY_COLUMN_USAGE WHERE (REFERENCED_TABLE_NAME = 'users' AND REFERENCED_TABLE_SCHEMA = 'coach_ally' AND REFERENCED_COLUMN_NAME = 'last_login') OR (TABLE_NAME = 'users' AND TABLE_SCHEMA = 'coach_ally' AND COLUMN_NAME = 'last_login' AND REFERENCED_TABLE_NAME IS NOT NULL)
2025-05-16T18:05:48.624Z - Executing (default): ALTER TABLE `users` DROP `last_login`;
2025-05-16T18:05:48.642Z - Executing (default): SELECT CONSTRAINT_NAME as constraint_name,CONSTRAINT_NAME as constraintName,CONSTRAINT_SCHEMA as constraintSchema,CONSTRAINT_SCHEMA as constraintCatalog,TABLE_NAME as tableName,TABLE_SCHEMA as tableSchema,TABLE_SCHEMA as tableCatalog,COLUMN_NAME as columnName,REFERENCED_TABLE_SCHEMA as referencedTableSchema,REFERENCED_TABLE_SCHEMA as referencedTableCatalog,REFERENCED_TABLE_NAME as referencedTableName,REFERENCED_COLUMN_NAME as referencedColumnName FROM INFORMATION_SCHEMA.KEY_COLUMN_USAGE WHERE (REFERENCED_TABLE_NAME = 'users' AND REFERENCED_TABLE_SCHEMA = 'coach_ally' AND REFERENCED_COLUMN_NAME = 'refresh_token') OR (TABLE_NAME = 'users' AND TABLE_SCHEMA = 'coach_ally' AND COLUMN_NAME = 'refresh_token' AND REFERENCED_TABLE_NAME IS NOT NULL)
2025-05-16T18:05:48.647Z - Executing (default): ALTER TABLE `users` DROP `refresh_token`;
2025-05-16T18:05:48.662Z - Executing (default): SELECT CONSTRAINT_NAME as constraint_name,CONSTRAINT_NAME as constraintName,CONSTRAINT_SCHEMA as constraintSchema,CONSTRAINT_SCHEMA as constraintCatalog,TABLE_NAME as tableName,TABLE_SCHEMA as tableSchema,TABLE_SCHEMA as tableCatalog,COLUMN_NAME as columnName,REFERENCED_TABLE_SCHEMA as referencedTableSchema,REFERENCED_TABLE_SCHEMA as referencedTableCatalog,REFERENCED_TABLE_NAME as referencedTableName,REFERENCED_COLUMN_NAME as referencedColumnName FROM INFORMATION_SCHEMA.KEY_COLUMN_USAGE WHERE (REFERENCED_TABLE_NAME = 'users' AND REFERENCED_TABLE_SCHEMA = 'coach_ally' AND REFERENCED_COLUMN_NAME = 'password_reset_token') OR (TABLE_NAME = 'users' AND TABLE_SCHEMA = 'coach_ally' AND COLUMN_NAME = 'password_reset_token' AND REFERENCED_TABLE_NAME IS NOT NULL)
2025-05-16T18:05:48.668Z - Executing (default): ALTER TABLE `users` DROP `password_reset_token`;
2025-05-16T18:05:48.682Z - Executing (default): SELECT CONSTRAINT_NAME as constraint_name,CONSTRAINT_NAME as constraintName,CONSTRAINT_SCHEMA as constraintSchema,CONSTRAINT_SCHEMA as constraintCatalog,TABLE_NAME as tableName,TABLE_SCHEMA as tableSchema,TABLE_SCHEMA as tableCatalog,COLUMN_NAME as columnName,REFERENCED_TABLE_SCHEMA as referencedTableSchema,REFERENCED_TABLE_SCHEMA as referencedTableCatalog,REFERENCED_TABLE_NAME as referencedTableName,REFERENCED_COLUMN_NAME as referencedColumnName FROM INFORMATION_SCHEMA.KEY_COLUMN_USAGE WHERE (REFERENCED_TABLE_NAME = 'users' AND REFERENCED_TABLE_SCHEMA = 'coach_ally' AND REFERENCED_COLUMN_NAME = 'password_reset_expires') OR (TABLE_NAME = 'users' AND TABLE_SCHEMA = 'coach_ally' AND COLUMN_NAME = 'password_reset_expires' AND REFERENCED_TABLE_NAME IS NOT NULL)
2025-05-16T18:05:48.688Z - Executing (default): ALTER TABLE `users` DROP `password_reset_expires`;
2025-05-16T18:05:48.728Z - Executing (default): SELECT CONSTRAINT_NAME as constraint_name,CONSTRAINT_NAME as constraintName,CONSTRAINT_SCHEMA as constraintSchema,CONSTRAINT_SCHEMA as constraintCatalog,TABLE_NAME as tableName,TABLE_SCHEMA as tableSchema,TABLE_SCHEMA as tableCatalog,COLUMN_NAME as columnName,REFERENCED_TABLE_SCHEMA as referencedTableSchema,REFERENCED_TABLE_SCHEMA as referencedTableCatalog,REFERENCED_TABLE_NAME as referencedTableName,REFERENCED_COLUMN_NAME as referencedColumnName FROM INFORMATION_SCHEMA.KEY_COLUMN_USAGE WHERE (REFERENCED_TABLE_NAME = 'users' AND REFERENCED_TABLE_SCHEMA = 'coach_ally' AND REFERENCED_COLUMN_NAME = 'email_verification_token') OR (TABLE_NAME = 'users' AND TABLE_SCHEMA = 'coach_ally' AND COLUMN_NAME = 'email_verification_token' AND REFERENCED_TABLE_NAME IS NOT NULL)
2025-05-16T18:05:48.733Z - Executing (default): ALTER TABLE `users` DROP `email_verification_token`;
2025-05-16T18:05:48.749Z - Executing (default): SELECT CONSTRAINT_NAME as constraint_name,CONSTRAINT_NAME as constraintName,CONSTRAINT_SCHEMA as constraintSchema,CONSTRAINT_SCHEMA as constraintCatalog,TABLE_NAME as tableName,TABLE_SCHEMA as tableSchema,TABLE_SCHEMA as tableCatalog,COLUMN_NAME as columnName,REFERENCED_TABLE_SCHEMA as referencedTableSchema,REFERENCED_TABLE_SCHEMA as referencedTableCatalog,REFERENCED_TABLE_NAME as referencedTableName,REFERENCED_COLUMN_NAME as referencedColumnName FROM INFORMATION_SCHEMA.KEY_COLUMN_USAGE WHERE (REFERENCED_TABLE_NAME = 'users' AND REFERENCED_TABLE_SCHEMA = 'coach_ally' AND REFERENCED_COLUMN_NAME = 'email_verification_token_expires') OR (TABLE_NAME = 'users' AND TABLE_SCHEMA = 'coach_ally' AND COLUMN_NAME = 'email_verification_token_expires' AND REFERENCED_TABLE_NAME IS NOT NULL)
2025-05-16T18:05:48.755Z - Executing (default): ALTER TABLE `users` DROP `email_verification_token_expires`;
2025-05-16T18:05:48.769Z - Executing (default): SELECT TABLE_NAME FROM INFORMATION_SCHEMA.TABLES WHERE TABLE_TYPE = 'BASE TABLE' AND TABLE_NAME = 'SequelizeMeta' AND TABLE_SCHEMA = 'coach_ally'
2025-05-16T18:05:48.772Z - Executing (default): SHOW INDEX FROM `SequelizeMeta`
2025-05-16T18:05:48.776Z - Executing (default): DELETE FROM `SequelizeMeta` WHERE `name` = '20250516090000-add-missing-user-columns.js'
2025-05-16T18:05:48.780Z - Executing (default): SELECT TABLE_NAME FROM INFORMATION_SCHEMA.TABLES WHERE TABLE_TYPE = 'BASE TABLE' AND TABLE_NAME = 'SequelizeMeta' AND TABLE_SCHEMA = 'coach_ally'
2025-05-16T18:05:48.782Z - Executing (default): SHOW INDEX FROM `SequelizeMeta`
2025-05-16T18:05:48.784Z - Executing (default): SELECT `name` FROM `SequelizeMeta` AS `SequelizeMeta` ORDER BY `SequelizeMeta`.`name` ASC;
2025-05-16T18:05:48.787Z - Executing (default): SELECT CONSTRAINT_NAME as constraint_name,CONSTRAINT_NAME as constraintName,CONSTRAINT_SCHEMA as constraintSchema,CONSTRAINT_SCHEMA as constraintCatalog,TABLE_NAME as tableName,TABLE_SCHEMA as tableSchema,TABLE_SCHEMA as tableCatalog,COLUMN_NAME as columnName,REFERENCED_TABLE_SCHEMA as referencedTableSchema,REFERENCED_TABLE_SCHEMA as referencedTableCatalog,REFERENCED_TABLE_NAME as referencedTableName,REFERENCED_COLUMN_NAME as referencedColumnName FROM INFORMATION_SCHEMA.KEY_COLUMN_USAGE WHERE (REFERENCED_TABLE_NAME = 'users' AND REFERENCED_TABLE_SCHEMA = 'coach_ally' AND REFERENCED_COLUMN_NAME = 'passwordResetToken') OR (TABLE_NAME = 'users' AND TABLE_SCHEMA = 'coach_ally' AND COLUMN_NAME = 'passwordResetToken' AND REFERENCED_TABLE_NAME IS NOT NULL)
2025-05-16T18:05:48.793Z - Executing (default): ALTER TABLE `users` DROP `passwordResetToken`;
2025-05-16T18:05:48.809Z - Executing (default): SELECT CONSTRAINT_NAME as constraint_name,CONSTRAINT_NAME as constraintName,CONSTRAINT_SCHEMA as constraintSchema,CONSTRAINT_SCHEMA as constraintCatalog,TABLE_NAME as tableName,TABLE_SCHEMA as tableSchema,TABLE_SCHEMA as tableCatalog,COLUMN_NAME as columnName,REFERENCED_TABLE_SCHEMA as referencedTableSchema,REFERENCED_TABLE_SCHEMA as referencedTableCatalog,REFERENCED_TABLE_NAME as referencedTableName,REFERENCED_COLUMN_NAME as referencedColumnName FROM INFORMATION_SCHEMA.KEY_COLUMN_USAGE WHERE (REFERENCED_TABLE_NAME = 'users' AND REFERENCED_TABLE_SCHEMA = 'coach_ally' AND REFERENCED_COLUMN_NAME = 'passwordResetExpires') OR (TABLE_NAME = 'users' AND TABLE_SCHEMA = 'coach_ally' AND COLUMN_NAME = 'passwordResetExpires' AND REFERENCED_TABLE_NAME IS NOT NULL)
2025-05-16T18:05:48.814Z - Executing (default): ALTER TABLE `users` DROP `passwordResetExpires`;
2025-05-16T18:05:48.828Z - Executing (default): SELECT CONSTRAINT_NAME as constraint_name,CONSTRAINT_NAME as constraintName,CONSTRAINT_SCHEMA as constraintSchema,CONSTRAINT_SCHEMA as constraintCatalog,TABLE_NAME as tableName,TABLE_SCHEMA as tableSchema,TABLE_SCHEMA as tableCatalog,COLUMN_NAME as columnName,REFERENCED_TABLE_SCHEMA as referencedTableSchema,REFERENCED_TABLE_SCHEMA as referencedTableCatalog,REFERENCED_TABLE_NAME as referencedTableName,REFERENCED_COLUMN_NAME as referencedColumnName FROM INFORMATION_SCHEMA.KEY_COLUMN_USAGE WHERE (REFERENCED_TABLE_NAME = 'users' AND REFERENCED_TABLE_SCHEMA = 'coach_ally' AND REFERENCED_COLUMN_NAME = 'emailVerificationToken') OR (TABLE_NAME = 'users' AND TABLE_SCHEMA = 'coach_ally' AND COLUMN_NAME = 'emailVerificationToken' AND REFERENCED_TABLE_NAME IS NOT NULL)
2025-05-16T18:05:48.833Z - Executing (default): ALTER TABLE `users` DROP `emailVerificationToken`;
2025-05-16T18:05:48.849Z - Executing (default): SELECT CONSTRAINT_NAME as constraint_name,CONSTRAINT_NAME as constraintName,CONSTRAINT_SCHEMA as constraintSchema,CONSTRAINT_SCHEMA as constraintCatalog,TABLE_NAME as tableName,TABLE_SCHEMA as tableSchema,TABLE_SCHEMA as tableCatalog,COLUMN_NAME as columnName,REFERENCED_TABLE_SCHEMA as referencedTableSchema,REFERENCED_TABLE_SCHEMA as referencedTableCatalog,REFERENCED_TABLE_NAME as referencedTableName,REFERENCED_COLUMN_NAME as referencedColumnName FROM INFORMATION_SCHEMA.KEY_COLUMN_USAGE WHERE (REFERENCED_TABLE_NAME = 'users' AND REFERENCED_TABLE_SCHEMA = 'coach_ally' AND REFERENCED_COLUMN_NAME = 'emailVerificationTokenExpires') OR (TABLE_NAME = 'users' AND TABLE_SCHEMA = 'coach_ally' AND COLUMN_NAME = 'emailVerificationTokenExpires' AND REFERENCED_TABLE_NAME IS NOT NULL)
2025-05-16T18:05:48.854Z - Executing (default): ALTER TABLE `users` DROP `emailVerificationTokenExpires`;
2025-05-16T18:05:48.868Z - Executing (default): SELECT TABLE_NAME FROM INFORMATION_SCHEMA.TABLES WHERE TABLE_TYPE = 'BASE TABLE' AND TABLE_NAME = 'SequelizeMeta' AND TABLE_SCHEMA = 'coach_ally'
2025-05-16T18:05:48.871Z - Executing (default): SHOW INDEX FROM `SequelizeMeta`
2025-05-16T18:05:48.875Z - Executing (default): DELETE FROM `SequelizeMeta` WHERE `name` = '20250516052212-add-auth-fields-to-user.js'
2025-05-16T18:05:48.879Z - Executing (default): SELECT TABLE_NAME FROM INFORMATION_SCHEMA.TABLES WHERE TABLE_TYPE = 'BASE TABLE' AND TABLE_NAME = 'SequelizeMeta' AND TABLE_SCHEMA = 'coach_ally'
2025-05-16T18:05:48.881Z - Executing (default): SHOW INDEX FROM `SequelizeMeta`
2025-05-16T18:05:48.884Z - Executing (default): SELECT `name` FROM `SequelizeMeta` AS `SequelizeMeta` ORDER BY `SequelizeMeta`.`name` ASC;
2025-05-16T18:05:48.886Z - Executing (default): DROP TABLE IF EXISTS `UserConversations`;
2025-05-16T18:05:48.899Z - Executing (default): SELECT TABLE_NAME FROM INFORMATION_SCHEMA.TABLES WHERE TABLE_TYPE = 'BASE TABLE' AND TABLE_NAME = 'SequelizeMeta' AND TABLE_SCHEMA = 'coach_ally'
2025-05-16T18:05:48.901Z - Executing (default): SHOW INDEX FROM `SequelizeMeta`
2025-05-16T18:05:48.903Z - Executing (default): DELETE FROM `SequelizeMeta` WHERE `name` = '20250516003709-create-user-conversations-join-table.js'
2025-05-16T18:05:48.907Z - Executing (default): SELECT TABLE_NAME FROM INFORMATION_SCHEMA.TABLES WHERE TABLE_TYPE = 'BASE TABLE' AND TABLE_NAME = 'SequelizeMeta' AND TABLE_SCHEMA = 'coach_ally'
2025-05-16T18:05:48.909Z - Executing (default): SHOW INDEX FROM `SequelizeMeta`
2025-05-16T18:05:48.911Z - Executing (default): SELECT `name` FROM `SequelizeMeta` AS `SequelizeMeta` ORDER BY `SequelizeMeta`.`name` ASC;
2025-05-16T18:05:48.914Z - Executing (default): DROP TABLE IF EXISTS `messages`;
2025-05-16T18:05:48.925Z - Executing (default): SELECT TABLE_NAME FROM INFORMATION_SCHEMA.TABLES WHERE TABLE_TYPE = 'BASE TABLE' AND TABLE_NAME = 'SequelizeMeta' AND TABLE_SCHEMA = 'coach_ally'
2025-05-16T18:05:48.927Z - Executing (default): SHOW INDEX FROM `SequelizeMeta`
2025-05-16T18:05:48.929Z - Executing (default): DELETE FROM `SequelizeMeta` WHERE `name` = '20250516003459-create-messages.js'
2025-05-16T18:05:48.932Z - Executing (default): SELECT TABLE_NAME FROM INFORMATION_SCHEMA.TABLES WHERE TABLE_TYPE = 'BASE TABLE' AND TABLE_NAME = 'SequelizeMeta' AND TABLE_SCHEMA = 'coach_ally'
2025-05-16T18:05:48.934Z - Executing (default): SHOW INDEX FROM `SequelizeMeta`
2025-05-16T18:05:48.936Z - Executing (default): SELECT `name` FROM `SequelizeMeta` AS `SequelizeMeta` ORDER BY `SequelizeMeta`.`name` ASC;
2025-05-16T18:05:48.938Z - Executing (default): DROP TABLE IF EXISTS `conversations`;
2025-05-16T18:05:48.948Z - Executing (default): SELECT TABLE_NAME FROM INFORMATION_SCHEMA.TABLES WHERE TABLE_TYPE = 'BASE TABLE' AND TABLE_NAME = 'SequelizeMeta' AND TABLE_SCHEMA = 'coach_ally'
2025-05-16T18:05:48.950Z - Executing (default): SHOW INDEX FROM `SequelizeMeta`
2025-05-16T18:05:48.952Z - Executing (default): DELETE FROM `SequelizeMeta` WHERE `name` = '20250516003411-create-conversations.js'
2025-05-16T18:05:48.955Z - Executing (default): SELECT TABLE_NAME FROM INFORMATION_SCHEMA.TABLES WHERE TABLE_TYPE = 'BASE TABLE' AND TABLE_NAME = 'SequelizeMeta' AND TABLE_SCHEMA = 'coach_ally'
2025-05-16T18:05:48.957Z - Executing (default): SHOW INDEX FROM `SequelizeMeta`
2025-05-16T18:05:48.959Z - Executing (default): SELECT `name` FROM `SequelizeMeta` AS `SequelizeMeta` ORDER BY `SequelizeMeta`.`name` ASC;
2025-05-16T18:05:48.962Z - Executing (default): DROP TABLE IF EXISTS `users`;
2025-05-16T18:05:48.970Z - Executing (default): SELECT TABLE_NAME FROM INFORMATION_SCHEMA.TABLES WHERE TABLE_TYPE = 'BASE TABLE' AND TABLE_NAME = 'SequelizeMeta' AND TABLE_SCHEMA = 'coach_ally'
2025-05-16T18:05:48.972Z - Executing (default): SHOW INDEX FROM `SequelizeMeta`
2025-05-16T18:05:48.974Z - Executing (default): DELETE FROM `SequelizeMeta` WHERE `name` = '20250516003134-create-users.js'
2025-05-16T18:05:48.977Z - Executing (default): SELECT TABLE_NAME FROM INFORMATION_SCHEMA.TABLES WHERE TABLE_TYPE = 'BASE TABLE' AND TABLE_NAME = 'SequelizeMeta' AND TABLE_SCHEMA = 'coach_ally'
2025-05-16T18:05:48.979Z - Executing (default): SHOW INDEX FROM `SequelizeMeta`
2025-05-16T18:05:48.982Z - Executing (default): SELECT `name` FROM `SequelizeMeta` AS `SequelizeMeta` ORDER BY `SequelizeMeta`.`name` ASC;
2025-05-16T18:05:48.984Z - Executing (default): SELECT CONSTRAINT_NAME as constraint_name,CONSTRAINT_NAME as constraintName,CONSTRAINT_SCHEMA as constraintSchema,CONSTRAINT_SCHEMA as constraintCatalog,TABLE_NAME as tableName,TABLE_SCHEMA as tableSchema,TABLE_SCHEMA as tableCatalog,COLUMN_NAME as columnName,REFERENCED_TABLE_SCHEMA as referencedTableSchema,REFERENCED_TABLE_SCHEMA as referencedTableCatalog,REFERENCED_TABLE_NAME as referencedTableName,REFERENCED_COLUMN_NAME as referencedColumnName FROM INFORMATION_SCHEMA.KEY_COLUMN_USAGE WHERE (REFERENCED_TABLE_NAME = 'conversations' AND REFERENCED_TABLE_SCHEMA = 'coach_ally' AND REFERENCED_COLUMN_NAME = 'type') OR (TABLE_NAME = 'conversations' AND TABLE_SCHEMA = 'coach_ally' AND COLUMN_NAME = 'type' AND REFERENCED_TABLE_NAME IS NOT NULL)
2025-05-16T18:05:48.989Z - Executing (default): ALTER TABLE `conversations` DROP `type`;
2025-05-16T18:06:01.936Z - Executing (default): SELECT 1+1 AS result
2025-05-16T18:06:01.940Z - Executing (default): SELECT TABLE_NAME FROM INFORMATION_SCHEMA.TABLES WHERE TABLE_TYPE = 'BASE TABLE' AND TABLE_SCHEMA = 'coach_ally';
2025-05-16T18:06:01.947Z - Executing (default): SELECT TABLE_NAME FROM INFORMATION_SCHEMA.TABLES WHERE TABLE_TYPE = 'BASE TABLE' AND TABLE_NAME = 'SequelizeMeta' AND TABLE_SCHEMA = 'coach_ally'
2025-05-16T18:06:01.950Z - Executing (default): SHOW INDEX FROM `SequelizeMeta`
2025-05-16T18:06:01.958Z - Executing (default): SELECT `name` FROM `SequelizeMeta` AS `SequelizeMeta` ORDER BY `SequelizeMeta`.`name` ASC;
2025-05-16T18:06:01.962Z - Executing (default): SELECT TABLE_NAME FROM INFORMATION_SCHEMA.TABLES WHERE TABLE_TYPE = 'BASE TABLE' AND TABLE_NAME = 'SequelizeMeta' AND TABLE_SCHEMA = 'coach_ally'
2025-05-16T18:06:01.965Z - Executing (default): SHOW INDEX FROM `SequelizeMeta`
2025-05-16T18:06:01.968Z - Executing (default): SELECT `name` FROM `SequelizeMeta` AS `SequelizeMeta` ORDER BY `SequelizeMeta`.`name` ASC;
2025-05-16T18:06:01.977Z - Executing (default): SELECT TABLE_NAME FROM INFORMATION_SCHEMA.TABLES WHERE TABLE_TYPE = 'BASE TABLE' AND TABLE_NAME = 'SequelizeMeta' AND TABLE_SCHEMA = 'coach_ally'
2025-05-16T18:06:01.979Z - Executing (default): SHOW INDEX FROM `SequelizeMeta`
2025-05-16T18:06:01.981Z - Executing (default): SELECT `name` FROM `SequelizeMeta` AS `SequelizeMeta` ORDER BY `SequelizeMeta`.`name` ASC;
2025-05-16T18:06:01.987Z - Executing (default): CREATE TABLE IF NOT EXISTS `UserConversations` (`id` CHAR(36) BINARY NOT NULL , `user_id` CHAR(36) BINARY NOT NULL, `conversation_id` CHAR(36) BINARY NOT NULL, `created_at` DATETIME NOT NULL, `updated_at` DATETIME NOT NULL, PRIMARY KEY (`id`), FOREIGN KEY (`user_id`) REFERENCES `Users` (`id`) ON DELETE CASCADE ON UPDATE CASCADE, FOREIGN KEY (`conversation_id`) REFERENCES `Conversations` (`id`) ON DELETE CASCADE ON UPDATE CASCADE) ENGINE=InnoDB;
2025-05-16T18:07:09.828Z - Executing (default): SELECT 1+1 AS result
2025-05-16T18:07:09.835Z - Executing (default): SELECT TABLE_NAME FROM INFORMATION_SCHEMA.TABLES WHERE TABLE_TYPE = 'BASE TABLE' AND TABLE_SCHEMA = 'coach_ally';
2025-05-16T18:09:12.381Z - Executing (default): SELECT 1+1 AS result
2025-05-16T18:09:12.384Z - Executing (default): SELECT TABLE_NAME FROM INFORMATION_SCHEMA.TABLES WHERE TABLE_TYPE = 'BASE TABLE' AND TABLE_SCHEMA = 'coach_ally';
2025-05-16T18:09:12.392Z - Executing (default): SELECT TABLE_NAME FROM INFORMATION_SCHEMA.TABLES WHERE TABLE_TYPE = 'BASE TABLE' AND TABLE_NAME = 'SequelizeMeta' AND TABLE_SCHEMA = 'coach_ally'
2025-05-16T18:09:12.396Z - Executing (default): SHOW INDEX FROM `SequelizeMeta`
2025-05-16T18:09:12.403Z - Executing (default): SELECT `name` FROM `SequelizeMeta` AS `SequelizeMeta` ORDER BY `SequelizeMeta`.`name` ASC;
2025-05-16T18:09:12.408Z - Executing (default): SELECT TABLE_NAME FROM INFORMATION_SCHEMA.TABLES WHERE TABLE_TYPE = 'BASE TABLE' AND TABLE_NAME = 'SequelizeMeta' AND TABLE_SCHEMA = 'coach_ally'
2025-05-16T18:09:12.411Z - Executing (default): SHOW INDEX FROM `SequelizeMeta`
2025-05-16T18:09:12.414Z - Executing (default): SELECT `name` FROM `SequelizeMeta` AS `SequelizeMeta` ORDER BY `SequelizeMeta`.`name` ASC;
2025-05-16T18:09:12.417Z - Executing (default): SELECT TABLE_NAME FROM INFORMATION_SCHEMA.TABLES WHERE TABLE_TYPE = 'BASE TABLE' AND TABLE_NAME = 'SequelizeMeta' AND TABLE_SCHEMA = 'coach_ally'
2025-05-16T18:09:12.419Z - Executing (default): SHOW INDEX FROM `SequelizeMeta`
2025-05-16T18:09:12.422Z - Executing (default): SELECT `name` FROM `SequelizeMeta` AS `SequelizeMeta` ORDER BY `SequelizeMeta`.`name` ASC;
2025-05-16T18:09:12.427Z - Executing (default): SELECT TABLE_NAME FROM INFORMATION_SCHEMA.TABLES WHERE TABLE_TYPE = 'BASE TABLE' AND TABLE_NAME = 'SequelizeMeta' AND TABLE_SCHEMA = 'coach_ally'
2025-05-16T18:09:12.429Z - Executing (default): SHOW INDEX FROM `SequelizeMeta`
2025-05-16T18:09:12.432Z - Executing (default): SELECT `name` FROM `SequelizeMeta` AS `SequelizeMeta` ORDER BY `SequelizeMeta`.`name` ASC;
2025-05-16T18:09:12.437Z - Executing (default): CREATE TABLE IF NOT EXISTS `UserConversations` (`id` CHAR(36) BINARY NOT NULL , `user_id` CHAR(36) BINARY NOT NULL, `conversation_id` CHAR(36) BINARY NOT NULL, `created_at` DATETIME NOT NULL, `updated_at` DATETIME NOT NULL, PRIMARY KEY (`id`), FOREIGN KEY (`user_id`) REFERENCES `Users` (`id`) ON DELETE CASCADE ON UPDATE CASCADE, FOREIGN KEY (`conversation_id`) REFERENCES `Conversations` (`id`) ON DELETE CASCADE ON UPDATE CASCADE) ENGINE=InnoDB;
2025-05-16T18:21:25.945Z - Executing (default): SELECT 1+1 AS result
2025-05-16T18:21:25.948Z - Executing (default): SELECT TABLE_NAME FROM INFORMATION_SCHEMA.TABLES WHERE TABLE_TYPE = 'BASE TABLE' AND TABLE_SCHEMA = 'coach_ally';
2025-05-16T18:21:25.955Z - Executing (default): SELECT TABLE_NAME FROM INFORMATION_SCHEMA.TABLES WHERE TABLE_TYPE = 'BASE TABLE' AND TABLE_NAME = 'SequelizeMeta' AND TABLE_SCHEMA = 'coach_ally'
2025-05-16T18:21:25.958Z - Executing (default): SHOW INDEX FROM `SequelizeMeta`
2025-05-16T18:21:25.965Z - Executing (default): SELECT `name` FROM `SequelizeMeta` AS `SequelizeMeta` ORDER BY `SequelizeMeta`.`name` ASC;
2025-05-16T18:21:25.969Z - Executing (default): SELECT TABLE_NAME FROM INFORMATION_SCHEMA.TABLES WHERE TABLE_TYPE = 'BASE TABLE' AND TABLE_NAME = 'SequelizeMeta' AND TABLE_SCHEMA = 'coach_ally'
2025-05-16T18:21:25.972Z - Executing (default): SHOW INDEX FROM `SequelizeMeta`
2025-05-16T18:21:25.975Z - Executing (default): SELECT `name` FROM `SequelizeMeta` AS `SequelizeMeta` ORDER BY `SequelizeMeta`.`name` ASC;
2025-05-16T18:21:25.980Z - Executing (default): SELECT TABLE_NAME FROM INFORMATION_SCHEMA.TABLES WHERE TABLE_TYPE = 'BASE TABLE' AND TABLE_NAME = 'SequelizeMeta' AND TABLE_SCHEMA = 'coach_ally'
2025-05-16T18:21:25.983Z - Executing (default): SHOW INDEX FROM `SequelizeMeta`
2025-05-16T18:21:25.985Z - Executing (default): SELECT `name` FROM `SequelizeMeta` AS `SequelizeMeta` ORDER BY `SequelizeMeta`.`name` ASC;
2025-05-16T18:21:25.990Z - Executing (default): CREATE TABLE IF NOT EXISTS `UserConversations` (`id` CHAR(36) BINARY NOT NULL , `user_id` CHAR(36) BINARY NOT NULL, `conversation_id` CHAR(36) BINARY NOT NULL, `created_at` DATETIME NOT NULL, `updated_at` DATETIME NOT NULL, PRIMARY KEY (`id`), FOREIGN KEY (`user_id`) REFERENCES `Users` (`id`) ON DELETE CASCADE ON UPDATE CASCADE, FOREIGN KEY (`conversation_id`) REFERENCES `Conversations` (`id`) ON DELETE CASCADE ON UPDATE CASCADE) ENGINE=InnoDB;
2025-05-16T18:29:42.567Z - Executing (default): SELECT 1+1 AS result
2025-05-16T18:29:42.570Z - Executing (default): SELECT TABLE_NAME FROM INFORMATION_SCHEMA.TABLES WHERE TABLE_TYPE = 'BASE TABLE' AND TABLE_SCHEMA = 'coach_ally';
2025-05-16T18:29:42.577Z - Executing (default): SELECT TABLE_NAME FROM INFORMATION_SCHEMA.TABLES WHERE TABLE_TYPE = 'BASE TABLE' AND TABLE_NAME = 'SequelizeMeta' AND TABLE_SCHEMA = 'coach_ally'
2025-05-16T18:29:42.580Z - Executing (default): SHOW INDEX FROM `SequelizeMeta`
2025-05-16T18:29:42.586Z - Executing (default): SELECT `name` FROM `SequelizeMeta` AS `SequelizeMeta` ORDER BY `SequelizeMeta`.`name` ASC;
2025-05-16T18:29:42.591Z - Executing (default): SELECT TABLE_NAME FROM INFORMATION_SCHEMA.TABLES WHERE TABLE_TYPE = 'BASE TABLE' AND TABLE_NAME = 'SequelizeMeta' AND TABLE_SCHEMA = 'coach_ally'
2025-05-16T18:29:42.594Z - Executing (default): SHOW INDEX FROM `SequelizeMeta`
2025-05-16T18:29:42.597Z - Executing (default): SELECT `name` FROM `SequelizeMeta` AS `SequelizeMeta` ORDER BY `SequelizeMeta`.`name` ASC;
2025-05-16T18:29:42.602Z - Executing (default): SELECT TABLE_NAME FROM INFORMATION_SCHEMA.TABLES WHERE TABLE_TYPE = 'BASE TABLE' AND TABLE_NAME = 'SequelizeMeta' AND TABLE_SCHEMA = 'coach_ally'
2025-05-16T18:29:42.604Z - Executing (default): SHOW INDEX FROM `SequelizeMeta`
2025-05-16T18:29:42.608Z - Executing (default): SELECT `name` FROM `SequelizeMeta` AS `SequelizeMeta` ORDER BY `SequelizeMeta`.`name` ASC;
2025-05-16T18:29:42.612Z - Executing (default): CREATE TABLE IF NOT EXISTS `users` (`id` CHAR(36) BINARY NOT NULL , `username` VARCHAR(255) NOT NULL UNIQUE, `email` VARCHAR(255) NOT NULL UNIQUE, `password` VARCHAR(255) NOT NULL, `first_name` VARCHAR(255), `last_name` VARCHAR(255), `created_at` DATETIME NOT NULL, `updated_at` DATETIME NOT NULL, PRIMARY KEY (`id`)) ENGINE=InnoDB;
2025-05-16T18:29:42.642Z - Executing (default): SELECT TABLE_NAME FROM INFORMATION_SCHEMA.TABLES WHERE TABLE_TYPE = 'BASE TABLE' AND TABLE_NAME = 'SequelizeMeta' AND TABLE_SCHEMA = 'coach_ally'
2025-05-16T18:29:42.644Z - Executing (default): SHOW INDEX FROM `SequelizeMeta`
2025-05-16T18:29:42.649Z - Executing (default): INSERT INTO `SequelizeMeta` (`name`) VALUES (?);
2025-05-16T18:29:42.654Z - Executing (default): SELECT TABLE_NAME FROM INFORMATION_SCHEMA.TABLES WHERE TABLE_TYPE = 'BASE TABLE' AND TABLE_NAME = 'SequelizeMeta' AND TABLE_SCHEMA = 'coach_ally'
2025-05-16T18:29:42.657Z - Executing (default): SHOW INDEX FROM `SequelizeMeta`
2025-05-16T18:29:42.659Z - Executing (default): SELECT `name` FROM `SequelizeMeta` AS `SequelizeMeta` ORDER BY `SequelizeMeta`.`name` ASC;
2025-05-16T18:29:42.662Z - Executing (default): CREATE TABLE IF NOT EXISTS `conversations` (`id` CHAR(36) BINARY NOT NULL , `created_at` DATETIME NOT NULL, `updated_at` DATETIME NOT NULL, PRIMARY KEY (`id`)) ENGINE=InnoDB;
2025-05-16T18:29:42.674Z - Executing (default): SELECT TABLE_NAME FROM INFORMATION_SCHEMA.TABLES WHERE TABLE_TYPE = 'BASE TABLE' AND TABLE_NAME = 'SequelizeMeta' AND TABLE_SCHEMA = 'coach_ally'
2025-05-16T18:29:42.677Z - Executing (default): SHOW INDEX FROM `SequelizeMeta`
2025-05-16T18:29:42.680Z - Executing (default): INSERT INTO `SequelizeMeta` (`name`) VALUES (?);
2025-05-16T18:29:42.683Z - Executing (default): SELECT TABLE_NAME FROM INFORMATION_SCHEMA.TABLES WHERE TABLE_TYPE = 'BASE TABLE' AND TABLE_NAME = 'SequelizeMeta' AND TABLE_SCHEMA = 'coach_ally'
2025-05-16T18:29:42.685Z - Executing (default): SHOW INDEX FROM `SequelizeMeta`
2025-05-16T18:29:42.688Z - Executing (default): SELECT `name` FROM `SequelizeMeta` AS `SequelizeMeta` ORDER BY `SequelizeMeta`.`name` ASC;
2025-05-16T18:29:42.692Z - Executing (default): CREATE TABLE IF NOT EXISTS `messages` (`id` CHAR(36) BINARY NOT NULL , `content` TEXT NOT NULL, `sender_id` CHAR(36) BINARY NOT NULL, `conversation_id` CHAR(36) BINARY NOT NULL, `is_read` TINYINT(1) NOT NULL DEFAULT false, `created_at` DATETIME NOT NULL, `updated_at` DATETIME NOT NULL, PRIMARY KEY (`id`), FOREIGN KEY (`sender_id`) REFERENCES `users` (`id`) ON DELETE CASCADE ON UPDATE CASCADE, FOREIGN KEY (`conversation_id`) REFERENCES `conversations` (`id`) ON DELETE CASCADE ON UPDATE CASCADE) ENGINE=InnoDB;
2025-05-16T18:29:42.721Z - Executing (default): SELECT TABLE_NAME FROM INFORMATION_SCHEMA.TABLES WHERE TABLE_TYPE = 'BASE TABLE' AND TABLE_NAME = 'SequelizeMeta' AND TABLE_SCHEMA = 'coach_ally'
2025-05-16T18:29:42.723Z - Executing (default): SHOW INDEX FROM `SequelizeMeta`
2025-05-16T18:29:42.726Z - Executing (default): INSERT INTO `SequelizeMeta` (`name`) VALUES (?);
2025-05-16T18:29:42.729Z - Executing (default): SELECT TABLE_NAME FROM INFORMATION_SCHEMA.TABLES WHERE TABLE_TYPE = 'BASE TABLE' AND TABLE_NAME = 'SequelizeMeta' AND TABLE_SCHEMA = 'coach_ally'
2025-05-16T18:29:42.731Z - Executing (default): SHOW INDEX FROM `SequelizeMeta`
2025-05-16T18:29:42.733Z - Executing (default): SELECT `name` FROM `SequelizeMeta` AS `SequelizeMeta` ORDER BY `SequelizeMeta`.`name` ASC;
2025-05-16T18:29:42.735Z - Executing (default): CREATE TABLE IF NOT EXISTS `UserConversations` (`user_id` CHAR(36) BINARY NOT NULL , `conversation_id` CHAR(36) BINARY NOT NULL , `created_at` DATETIME NOT NULL, `updated_at` DATETIME NOT NULL, PRIMARY KEY (`user_id`, `conversation_id`), FOREIGN KEY (`user_id`) REFERENCES `users` (`id`) ON DELETE CASCADE ON UPDATE CASCADE, FOREIGN KEY (`conversation_id`) REFERENCES `conversations` (`id`) ON DELETE CASCADE ON UPDATE CASCADE) ENGINE=InnoDB;
2025-05-16T18:29:42.762Z - Executing (default): SELECT TABLE_NAME FROM INFORMATION_SCHEMA.TABLES WHERE TABLE_TYPE = 'BASE TABLE' AND TABLE_NAME = 'SequelizeMeta' AND TABLE_SCHEMA = 'coach_ally'
2025-05-16T18:29:42.764Z - Executing (default): SHOW INDEX FROM `SequelizeMeta`
2025-05-16T18:29:42.766Z - Executing (default): INSERT INTO `SequelizeMeta` (`name`) VALUES (?);
2025-05-16T18:29:42.769Z - Executing (default): SELECT TABLE_NAME FROM INFORMATION_SCHEMA.TABLES WHERE TABLE_TYPE = 'BASE TABLE' AND TABLE_NAME = 'SequelizeMeta' AND TABLE_SCHEMA = 'coach_ally'
2025-05-16T18:29:42.771Z - Executing (default): SHOW INDEX FROM `SequelizeMeta`
2025-05-16T18:29:42.774Z - Executing (default): SELECT `name` FROM `SequelizeMeta` AS `SequelizeMeta` ORDER BY `SequelizeMeta`.`name` ASC;
2025-05-16T18:29:42.777Z - Executing (default): CREATE TABLE IF NOT EXISTS `UserConversations` (`id` CHAR(36) BINARY NOT NULL , `user_id` CHAR(36) BINARY NOT NULL, `conversation_id` CHAR(36) BINARY NOT NULL, `created_at` DATETIME NOT NULL, `updated_at` DATETIME NOT NULL, PRIMARY KEY (`id`), FOREIGN KEY (`user_id`) REFERENCES `Users` (`id`) ON DELETE CASCADE ON UPDATE CASCADE, FOREIGN KEY (`conversation_id`) REFERENCES `Conversations` (`id`) ON DELETE CASCADE ON UPDATE CASCADE) ENGINE=InnoDB;
2025-05-16T18:29:42.780Z - Executing (default): ALTER TABLE `UserConversations` ADD UNIQUE INDEX `user_conversation_unique` (`user_id`, `conversation_id`)
2025-05-16T18:29:42.789Z - Executing (default): SELECT TABLE_NAME FROM INFORMATION_SCHEMA.TABLES WHERE TABLE_TYPE = 'BASE TABLE' AND TABLE_NAME = 'SequelizeMeta' AND TABLE_SCHEMA = 'coach_ally'
2025-05-16T18:29:42.791Z - Executing (default): SHOW INDEX FROM `SequelizeMeta`
2025-05-16T18:29:42.794Z - Executing (default): INSERT INTO `SequelizeMeta` (`name`) VALUES (?);
2025-05-16T18:29:42.796Z - Executing (default): SELECT TABLE_NAME FROM INFORMATION_SCHEMA.TABLES WHERE TABLE_TYPE = 'BASE TABLE' AND TABLE_NAME = 'SequelizeMeta' AND TABLE_SCHEMA = 'coach_ally'
2025-05-16T18:29:42.798Z - Executing (default): SHOW INDEX FROM `SequelizeMeta`
2025-05-16T18:29:42.800Z - Executing (default): SELECT `name` FROM `SequelizeMeta` AS `SequelizeMeta` ORDER BY `SequelizeMeta`.`name` ASC;
2025-05-16T18:29:42.803Z - Executing (default): ALTER TABLE `users` ADD `passwordResetToken` VARCHAR(255);
2025-05-16T18:29:42.844Z - Executing (default): ALTER TABLE `users` ADD `passwordResetExpires` DATETIME;
2025-05-16T18:29:42.881Z - Executing (default): ALTER TABLE `users` ADD `emailVerificationToken` VARCHAR(255);
2025-05-16T18:29:42.918Z - Executing (default): ALTER TABLE `users` ADD `emailVerificationTokenExpires` DATETIME;
2025-05-16T18:29:42.959Z - Executing (default): SELECT TABLE_NAME FROM INFORMATION_SCHEMA.TABLES WHERE TABLE_TYPE = 'BASE TABLE' AND TABLE_NAME = 'SequelizeMeta' AND TABLE_SCHEMA = 'coach_ally'
2025-05-16T18:29:42.961Z - Executing (default): SHOW INDEX FROM `SequelizeMeta`
2025-05-16T18:29:42.963Z - Executing (default): INSERT INTO `SequelizeMeta` (`name`) VALUES (?);
2025-05-16T18:29:42.966Z - Executing (default): SELECT TABLE_NAME FROM INFORMATION_SCHEMA.TABLES WHERE TABLE_TYPE = 'BASE TABLE' AND TABLE_NAME = 'SequelizeMeta' AND TABLE_SCHEMA = 'coach_ally'
2025-05-16T18:29:42.968Z - Executing (default): SHOW INDEX FROM `SequelizeMeta`
2025-05-16T18:29:42.971Z - Executing (default): SELECT `name` FROM `SequelizeMeta` AS `SequelizeMeta` ORDER BY `SequelizeMeta`.`name` ASC;
2025-05-16T18:29:42.974Z - Executing (default): ALTER TABLE `users` ADD `role` ENUM('user', 'admin') NOT NULL DEFAULT 'user';
2025-05-16T18:29:43.008Z - Executing (default): ALTER TABLE `users` ADD `is_email_verified` TINYINT(1) NOT NULL DEFAULT false;
2025-05-16T18:29:43.048Z - Executing (default): ALTER TABLE `users` ADD `last_login` DATETIME;
2025-05-16T18:29:43.084Z - Executing (default): ALTER TABLE `users` ADD `refresh_token` VARCHAR(255);
2025-05-16T18:29:43.121Z - Executing (default): ALTER TABLE `users` ADD `password_reset_token` VARCHAR(255);
2025-05-16T18:29:43.163Z - Executing (default): ALTER TABLE `users` ADD `password_reset_expires` DATETIME;
2025-05-16T18:29:43.205Z - Executing (default): ALTER TABLE `users` ADD `email_verification_token` VARCHAR(255);
2025-05-16T18:29:43.247Z - Executing (default): ALTER TABLE `users` ADD `email_verification_token_expires` DATETIME;
2025-05-16T18:29:43.289Z - Executing (default): SELECT TABLE_NAME FROM INFORMATION_SCHEMA.TABLES WHERE TABLE_TYPE = 'BASE TABLE' AND TABLE_NAME = 'SequelizeMeta' AND TABLE_SCHEMA = 'coach_ally'
2025-05-16T18:29:43.291Z - Executing (default): SHOW INDEX FROM `SequelizeMeta`
2025-05-16T18:29:43.295Z - Executing (default): INSERT INTO `SequelizeMeta` (`name`) VALUES (?);
2025-05-16T18:29:43.297Z - Executing (default): SELECT TABLE_NAME FROM INFORMATION_SCHEMA.TABLES WHERE TABLE_TYPE = 'BASE TABLE' AND TABLE_NAME = 'SequelizeMeta' AND TABLE_SCHEMA = 'coach_ally'
2025-05-16T18:29:43.299Z - Executing (default): SHOW INDEX FROM `SequelizeMeta`
2025-05-16T18:29:43.301Z - Executing (default): SELECT `name` FROM `SequelizeMeta` AS `SequelizeMeta` ORDER BY `SequelizeMeta`.`name` ASC;
2025-05-16T18:29:43.303Z - Executing (default): ALTER TABLE `conversations` ADD `type` ENUM('direct', 'group') NOT NULL DEFAULT 'direct';
2025-05-16T18:29:43.329Z - Executing (default): ALTER TABLE `conversations` ADD `name` VARCHAR(255);
2025-05-16T18:29:43.351Z - Executing (default): ALTER TABLE `conversations` ADD `createdBy` CHAR(36) BINARY NOT NULL, ADD CONSTRAINT `conversations_createdBy_foreign_idx` FOREIGN KEY (`createdBy`) REFERENCES `users` (`id`) ON DELETE CASCADE ON UPDATE CASCADE;
2025-05-16T18:29:43.389Z - Executing (default): ALTER TABLE `conversations` ADD INDEX `conversations_created_by` (`createdBy`)
2025-05-16T18:29:43.401Z - Executing (default): SELECT TABLE_NAME FROM INFORMATION_SCHEMA.TABLES WHERE TABLE_TYPE = 'BASE TABLE' AND TABLE_NAME = 'SequelizeMeta' AND TABLE_SCHEMA = 'coach_ally'
2025-05-16T18:29:43.404Z - Executing (default): SHOW INDEX FROM `SequelizeMeta`
2025-05-16T18:29:43.406Z - Executing (default): INSERT INTO `SequelizeMeta` (`name`) VALUES (?);
2025-05-16T18:42:42.399Z - Executing (default): SELECT 1+1 AS result
2025-05-16T18:42:42.402Z - Executing (default): SELECT TABLE_NAME FROM INFORMATION_SCHEMA.TABLES WHERE TABLE_TYPE = 'BASE TABLE' AND TABLE_SCHEMA = 'coach_ally';
2025-05-16T18:42:42.407Z - Executing (default): SELECT TABLE_NAME FROM INFORMATION_SCHEMA.TABLES WHERE TABLE_TYPE = 'BASE TABLE' AND TABLE_NAME = 'SequelizeMeta' AND TABLE_SCHEMA = 'coach_ally'
2025-05-16T18:42:42.410Z - Executing (default): SHOW INDEX FROM `SequelizeMeta`
2025-05-16T18:42:42.416Z - Executing (default): SELECT `name` FROM `SequelizeMeta` AS `SequelizeMeta` ORDER BY `SequelizeMeta`.`name` ASC;
2025-05-16T18:42:42.424Z - Executing (default): SELECT TABLE_NAME FROM INFORMATION_SCHEMA.TABLES WHERE TABLE_TYPE = 'BASE TABLE' AND TABLE_NAME = 'SequelizeMeta' AND TABLE_SCHEMA = 'coach_ally'
2025-05-16T18:42:42.426Z - Executing (default): SHOW INDEX FROM `SequelizeMeta`
2025-05-16T18:42:42.429Z - Executing (default): SELECT `name` FROM `SequelizeMeta` AS `SequelizeMeta` ORDER BY `SequelizeMeta`.`name` ASC;
2025-05-16T19:16:41.189Z - Executing (default): SELECT 1+1 AS result
2025-05-16T19:16:41.193Z - Executing (default): SELECT TABLE_NAME FROM INFORMATION_SCHEMA.TABLES WHERE TABLE_TYPE = 'BASE TABLE' AND TABLE_SCHEMA = 'coach_ally';
2025-05-16T19:16:41.198Z - Executing (default): SELECT TABLE_NAME FROM INFORMATION_SCHEMA.TABLES WHERE TABLE_TYPE = 'BASE TABLE' AND TABLE_NAME = 'SequelizeMeta' AND TABLE_SCHEMA = 'coach_ally'
2025-05-16T19:16:41.201Z - Executing (default): SHOW INDEX FROM `SequelizeMeta`
2025-05-16T19:16:41.207Z - Executing (default): SELECT `name` FROM `SequelizeMeta` AS `SequelizeMeta` ORDER BY `SequelizeMeta`.`name` ASC;
2025-05-16T19:16:41.214Z - Executing (default): SELECT TABLE_NAME FROM INFORMATION_SCHEMA.TABLES WHERE TABLE_TYPE = 'BASE TABLE' AND TABLE_NAME = 'SequelizeMeta' AND TABLE_SCHEMA = 'coach_ally'
2025-05-16T19:16:41.217Z - Executing (default): SHOW INDEX FROM `SequelizeMeta`
2025-05-16T19:16:41.220Z - Executing (default): SELECT `name` FROM `SequelizeMeta` AS `SequelizeMeta` ORDER BY `SequelizeMeta`.`name` ASC;
2025-05-16T23:41:35.269Z - Executing (default): SELECT 1+1 AS result
2025-05-16T23:41:35.273Z - Executing (default): SELECT TABLE_NAME FROM INFORMATION_SCHEMA.TABLES WHERE TABLE_TYPE = 'BASE TABLE' AND TABLE_SCHEMA = 'coach_ally';
2025-05-16T23:41:35.282Z - Executing (default): SELECT TABLE_NAME FROM INFORMATION_SCHEMA.TABLES WHERE TABLE_TYPE = 'BASE TABLE' AND TABLE_NAME = 'SequelizeMeta' AND TABLE_SCHEMA = 'coach_ally'
2025-05-16T23:41:35.285Z - Executing (default): SHOW INDEX FROM `SequelizeMeta`
2025-05-16T23:41:35.294Z - Executing (default): SELECT `name` FROM `SequelizeMeta` AS `SequelizeMeta` ORDER BY `SequelizeMeta`.`name` ASC;
2025-05-16T23:41:35.300Z - Executing (default): SELECT TABLE_NAME FROM INFORMATION_SCHEMA.TABLES WHERE TABLE_TYPE = 'BASE TABLE' AND TABLE_NAME = 'SequelizeMeta' AND TABLE_SCHEMA = 'coach_ally'
2025-05-16T23:41:35.304Z - Executing (default): SHOW INDEX FROM `SequelizeMeta`
2025-05-16T23:41:35.308Z - Executing (default): SELECT `name` FROM `SequelizeMeta` AS `SequelizeMeta` ORDER BY `SequelizeMeta`.`name` ASC;
2025-05-16T23:41:35.312Z - Executing (default): SELECT TABLE_NAME FROM INFORMATION_SCHEMA.TABLES WHERE TABLE_TYPE = 'BASE TABLE' AND TABLE_NAME = 'SequelizeMeta' AND TABLE_SCHEMA = 'coach_ally'
2025-05-16T23:41:35.315Z - Executing (default): SHOW INDEX FROM `SequelizeMeta`
2025-05-16T23:41:35.318Z - Executing (default): SELECT `name` FROM `SequelizeMeta` AS `SequelizeMeta` ORDER BY `SequelizeMeta`.`name` ASC;
2025-05-16T23:41:35.322Z - Executing (default): ALTER TABLE `messages` ADD `parent_message_id` CHAR(36) BINARY, ADD CONSTRAINT `messages_parent_message_id_foreign_idx` FOREIGN KEY (`parent_message_id`) REFERENCES `messages` (`id`) ON DELETE SET NULL ON UPDATE CASCADE;
2025-05-16T23:41:35.375Z - Executing (default): SELECT TABLE_NAME FROM INFORMATION_SCHEMA.TABLES WHERE TABLE_TYPE = 'BASE TABLE' AND TABLE_NAME = 'SequelizeMeta' AND TABLE_SCHEMA = 'coach_ally'
2025-05-16T23:41:35.378Z - Executing (default): SHOW INDEX FROM `SequelizeMeta`
2025-05-16T23:41:35.383Z - Executing (default): INSERT INTO `SequelizeMeta` (`name`) VALUES (?);
2025-05-16T23:49:58.959Z - Executing (default): SELECT 1+1 AS result
2025-05-16T23:49:58.963Z - Executing (default): SELECT TABLE_NAME FROM INFORMATION_SCHEMA.TABLES WHERE TABLE_TYPE = 'BASE TABLE' AND TABLE_SCHEMA = 'coach_ally';
2025-05-16T23:49:58.972Z - Executing (default): SELECT TABLE_NAME FROM INFORMATION_SCHEMA.TABLES WHERE TABLE_TYPE = 'BASE TABLE' AND TABLE_NAME = 'SequelizeMeta' AND TABLE_SCHEMA = 'coach_ally'
2025-05-16T23:49:58.976Z - Executing (default): SHOW INDEX FROM `SequelizeMeta`
2025-05-16T23:49:58.983Z - Executing (default): SELECT `name` FROM `SequelizeMeta` AS `SequelizeMeta` ORDER BY `SequelizeMeta`.`name` ASC;
2025-05-16T23:49:58.988Z - Executing (default): SELECT TABLE_NAME FROM INFORMATION_SCHEMA.TABLES WHERE TABLE_TYPE = 'BASE TABLE' AND TABLE_NAME = 'SequelizeMeta' AND TABLE_SCHEMA = 'coach_ally'
2025-05-16T23:49:58.991Z - Executing (default): SHOW INDEX FROM `SequelizeMeta`
2025-05-16T23:49:58.995Z - Executing (default): SELECT `name` FROM `SequelizeMeta` AS `SequelizeMeta` ORDER BY `SequelizeMeta`.`name` ASC;
2025-05-16T23:49:59.001Z - Executing (default): SELECT TABLE_NAME FROM INFORMATION_SCHEMA.TABLES WHERE TABLE_TYPE = 'BASE TABLE' AND TABLE_NAME = 'SequelizeMeta' AND TABLE_SCHEMA = 'coach_ally'
2025-05-16T23:49:59.004Z - Executing (default): SHOW INDEX FROM `SequelizeMeta`
2025-05-16T23:49:59.008Z - Executing (default): SELECT `name` FROM `SequelizeMeta` AS `SequelizeMeta` ORDER BY `SequelizeMeta`.`name` ASC;
2025-05-16T23:49:59.012Z - Executing (default): ALTER TABLE `messages` ADD `metadata` JSON;
2025-05-16T23:49:59.026Z - Executing (default): SELECT TABLE_NAME FROM INFORMATION_SCHEMA.TABLES WHERE TABLE_TYPE = 'BASE TABLE' AND TABLE_NAME = 'SequelizeMeta' AND TABLE_SCHEMA = 'coach_ally'
2025-05-16T23:49:59.029Z - Executing (default): SHOW INDEX FROM `SequelizeMeta`
2025-05-16T23:49:59.035Z - Executing (default): INSERT INTO `SequelizeMeta` (`name`) VALUES (?);
2025-05-19T20:23:07.793Z - Executing (default): SELECT 1+1 AS result
2025-05-19T20:23:07.799Z - Executing (default): SELECT TABLE_NAME FROM INFORMATION_SCHEMA.TABLES WHERE TABLE_TYPE = 'BASE TABLE' AND TABLE_SCHEMA = 'coach_ally';
2025-05-19T20:23:07.819Z - Executing (default): SELECT TABLE_NAME FROM INFORMATION_SCHEMA.TABLES WHERE TABLE_TYPE = 'BASE TABLE' AND TABLE_NAME = 'SequelizeMeta' AND TABLE_SCHEMA = 'coach_ally'
2025-05-19T20:23:07.824Z - Executing (default): SHOW INDEX FROM `SequelizeMeta`
2025-05-19T20:23:07.853Z - Executing (default): SELECT `name` FROM `SequelizeMeta` AS `SequelizeMeta` ORDER BY `SequelizeMeta`.`name` ASC;
2025-05-19T20:30:43.531Z - Executing (default): SELECT 1+1 AS result
2025-05-19T20:30:43.538Z - Executing (default): SELECT TABLE_NAME FROM INFORMATION_SCHEMA.TABLES WHERE TABLE_TYPE = 'BASE TABLE' AND TABLE_SCHEMA = 'coach_ally';
2025-05-19T20:30:43.551Z - Executing (default): SELECT TABLE_NAME FROM INFORMATION_SCHEMA.TABLES WHERE TABLE_TYPE = 'BASE TABLE' AND TABLE_NAME = 'SequelizeMeta' AND TABLE_SCHEMA = 'coach_ally'
2025-05-19T20:30:43.558Z - Executing (default): SHOW INDEX FROM `SequelizeMeta`
2025-05-19T20:30:43.577Z - Executing (default): SELECT `name` FROM `SequelizeMeta` AS `SequelizeMeta` ORDER BY `SequelizeMeta`.`name` ASC;
2025-05-19T20:30:43.589Z - Executing (default): SELECT TABLE_NAME FROM INFORMATION_SCHEMA.TABLES WHERE TABLE_TYPE = 'BASE TABLE' AND TABLE_NAME = 'SequelizeMeta' AND TABLE_SCHEMA = 'coach_ally'
2025-05-19T20:30:43.595Z - Executing (default): SHOW INDEX FROM `SequelizeMeta`
2025-05-19T20:30:43.600Z - Executing (default): SELECT `name` FROM `SequelizeMeta` AS `SequelizeMeta` ORDER BY `SequelizeMeta`.`name` ASC;
2025-05-19T20:30:43.607Z - Executing (default): SELECT TABLE_NAME FROM INFORMATION_SCHEMA.TABLES WHERE TABLE_TYPE = 'BASE TABLE' AND TABLE_NAME = 'SequelizeMeta' AND TABLE_SCHEMA = 'coach_ally'
2025-05-19T20:30:43.611Z - Executing (default): SHOW INDEX FROM `SequelizeMeta`
2025-05-19T20:30:43.615Z - Executing (default): SELECT `name` FROM `SequelizeMeta` AS `SequelizeMeta` ORDER BY `SequelizeMeta`.`name` ASC;
2025-05-19T20:30:43.622Z - Executing (default): ALTER TABLE `conversations` ADD `isAIConversation` TINYINT(1) NOT NULL DEFAULT false;
2025-05-19T20:30:43.682Z - Executing (default): ALTER TABLE `conversations` ADD INDEX `conversations_is_ai_conversation` (`is_ai_conversation`)
2025-05-19T20:32:23.458Z - Executing (default): SELECT 1+1 AS result
2025-05-19T20:32:23.462Z - Executing (default): SELECT TABLE_NAME FROM INFORMATION_SCHEMA.TABLES WHERE TABLE_TYPE = 'BASE TABLE' AND TABLE_SCHEMA = 'coach_ally';
2025-05-19T20:32:23.472Z - Executing (default): SELECT TABLE_NAME FROM INFORMATION_SCHEMA.TABLES WHERE TABLE_TYPE = 'BASE TABLE' AND TABLE_NAME = 'SequelizeMeta' AND TABLE_SCHEMA = 'coach_ally'
2025-05-19T20:32:23.476Z - Executing (default): SHOW INDEX FROM `SequelizeMeta`
2025-05-19T20:32:23.486Z - Executing (default): SELECT `name` FROM `SequelizeMeta` AS `SequelizeMeta` ORDER BY `SequelizeMeta`.`name` ASC;
2025-05-19T20:32:23.493Z - Executing (default): SELECT TABLE_NAME FROM INFORMATION_SCHEMA.TABLES WHERE TABLE_TYPE = 'BASE TABLE' AND TABLE_NAME = 'SequelizeMeta' AND TABLE_SCHEMA = 'coach_ally'
2025-05-19T20:32:23.496Z - Executing (default): SHOW INDEX FROM `SequelizeMeta`
2025-05-19T20:32:23.500Z - Executing (default): SELECT `name` FROM `SequelizeMeta` AS `SequelizeMeta` ORDER BY `SequelizeMeta`.`name` ASC;
2025-05-19T20:32:23.505Z - Executing (default): SELECT TABLE_NAME FROM INFORMATION_SCHEMA.TABLES WHERE TABLE_TYPE = 'BASE TABLE' AND TABLE_NAME = 'SequelizeMeta' AND TABLE_SCHEMA = 'coach_ally'
2025-05-19T20:32:23.509Z - Executing (default): SHOW INDEX FROM `SequelizeMeta`
2025-05-19T20:32:23.512Z - Executing (default): SELECT `name` FROM `SequelizeMeta` AS `SequelizeMeta` ORDER BY `SequelizeMeta`.`name` ASC;
2025-05-19T20:32:23.518Z - Executing (default): ALTER TABLE `conversations` ADD `isAIConversation` TINYINT(1) NOT NULL DEFAULT false;
2025-05-19T20:33:18.943Z - Executing (default): SELECT 1+1 AS result
2025-05-19T20:33:18.948Z - Executing (default): SELECT TABLE_NAME FROM INFORMATION_SCHEMA.TABLES WHERE TABLE_TYPE = 'BASE TABLE' AND TABLE_SCHEMA = 'coach_ally';
2025-05-19T20:33:18.956Z - Executing (default): SELECT TABLE_NAME FROM INFORMATION_SCHEMA.TABLES WHERE TABLE_TYPE = 'BASE TABLE' AND TABLE_NAME = 'SequelizeMeta' AND TABLE_SCHEMA = 'coach_ally'
2025-05-19T20:33:18.960Z - Executing (default): SHOW INDEX FROM `SequelizeMeta`
2025-05-19T20:33:18.970Z - Executing (default): SELECT `name` FROM `SequelizeMeta` AS `SequelizeMeta` ORDER BY `SequelizeMeta`.`name` ASC;
2025-05-19T20:33:18.979Z - Executing (default): SELECT TABLE_NAME FROM INFORMATION_SCHEMA.TABLES WHERE TABLE_TYPE = 'BASE TABLE' AND TABLE_NAME = 'SequelizeMeta' AND TABLE_SCHEMA = 'coach_ally'
2025-05-19T20:33:18.982Z - Executing (default): SHOW INDEX FROM `SequelizeMeta`
2025-05-19T20:33:18.987Z - Executing (default): SELECT `name` FROM `SequelizeMeta` AS `SequelizeMeta` ORDER BY `SequelizeMeta`.`name` ASC;
2025-05-19T20:34:12.897Z - Executing (default): SELECT 1+1 AS result
2025-05-19T20:34:12.902Z - Executing (default): SELECT TABLE_NAME FROM INFORMATION_SCHEMA.TABLES WHERE TABLE_TYPE = 'BASE TABLE' AND TABLE_SCHEMA = 'coach_ally';
2025-05-19T20:34:12.909Z - Executing (default): SELECT TABLE_NAME FROM INFORMATION_SCHEMA.TABLES WHERE TABLE_TYPE = 'BASE TABLE' AND TABLE_NAME = 'SequelizeMeta' AND TABLE_SCHEMA = 'coach_ally'
2025-05-19T20:34:12.913Z - Executing (default): SHOW INDEX FROM `SequelizeMeta`
2025-05-19T20:34:12.922Z - Executing (default): SELECT `name` FROM `SequelizeMeta` AS `SequelizeMeta` ORDER BY `SequelizeMeta`.`name` ASC;
2025-05-19T20:34:12.928Z - Executing (default): SELECT TABLE_NAME FROM INFORMATION_SCHEMA.TABLES WHERE TABLE_TYPE = 'BASE TABLE' AND TABLE_NAME = 'SequelizeMeta' AND TABLE_SCHEMA = 'coach_ally'
2025-05-19T20:34:12.931Z - Executing (default): SHOW INDEX FROM `SequelizeMeta`
2025-05-19T20:34:12.936Z - Executing (default): SELECT `name` FROM `SequelizeMeta` AS `SequelizeMeta` ORDER BY `SequelizeMeta`.`name` ASC;
2025-05-19T20:34:12.942Z - Executing (default): SELECT TABLE_NAME FROM INFORMATION_SCHEMA.TABLES WHERE TABLE_TYPE = 'BASE TABLE' AND TABLE_NAME = 'SequelizeMeta' AND TABLE_SCHEMA = 'coach_ally'
2025-05-19T20:34:12.944Z - Executing (default): SHOW INDEX FROM `SequelizeMeta`
2025-05-19T20:34:12.948Z - Executing (default): SELECT `name` FROM `SequelizeMeta` AS `SequelizeMeta` ORDER BY `SequelizeMeta`.`name` ASC;
2025-05-19T20:34:12.953Z - Executing (default): SELECT TABLE_NAME FROM INFORMATION_SCHEMA.TABLES WHERE TABLE_TYPE = 'BASE TABLE' AND TABLE_NAME = 'SequelizeMeta' AND TABLE_SCHEMA = 'coach_ally'
2025-05-19T20:34:12.956Z - Executing (default): SHOW INDEX FROM `SequelizeMeta`
2025-05-19T20:34:12.959Z - Executing (default): SELECT `name` FROM `SequelizeMeta` AS `SequelizeMeta` ORDER BY `SequelizeMeta`.`name` ASC;
2025-05-19T20:34:12.965Z - Executing (default): SELECT CONSTRAINT_NAME as constraint_name,CONSTRAINT_NAME as constraintName,CONSTRAINT_SCHEMA as constraintSchema,CONSTRAINT_SCHEMA as constraintCatalog,TABLE_NAME as tableName,TABLE_SCHEMA as tableSchema,TABLE_SCHEMA as tableCatalog,COLUMN_NAME as columnName,REFERENCED_TABLE_SCHEMA as referencedTableSchema,REFERENCED_TABLE_SCHEMA as referencedTableCatalog,REFERENCED_TABLE_NAME as referencedTableName,REFERENCED_COLUMN_NAME as referencedColumnName FROM INFORMATION_SCHEMA.KEY_COLUMN_USAGE WHERE (REFERENCED_TABLE_NAME = 'messages' AND REFERENCED_TABLE_SCHEMA = 'coach_ally' AND REFERENCED_COLUMN_NAME = 'metadata') OR (TABLE_NAME = 'messages' AND TABLE_SCHEMA = 'coach_ally' AND COLUMN_NAME = 'metadata' AND REFERENCED_TABLE_NAME IS NOT NULL)
2025-05-19T20:34:12.979Z - Executing (default): ALTER TABLE `messages` DROP `metadata`;
2025-05-19T20:34:13.008Z - Executing (default): SELECT TABLE_NAME FROM INFORMATION_SCHEMA.TABLES WHERE TABLE_TYPE = 'BASE TABLE' AND TABLE_NAME = 'SequelizeMeta' AND TABLE_SCHEMA = 'coach_ally'
2025-05-19T20:34:13.011Z - Executing (default): SHOW INDEX FROM `SequelizeMeta`
2025-05-19T20:34:13.017Z - Executing (default): DELETE FROM `SequelizeMeta` WHERE `name` = '20250516234933-add-metadata-to-messages.js'
2025-05-19T20:35:05.023Z - Executing (default): SELECT 1+1 AS result
2025-05-19T20:35:05.027Z - Executing (default): SELECT TABLE_NAME FROM INFORMATION_SCHEMA.TABLES WHERE TABLE_TYPE = 'BASE TABLE' AND TABLE_SCHEMA = 'coach_ally';
2025-05-19T20:35:05.036Z - Executing (default): SELECT TABLE_NAME FROM INFORMATION_SCHEMA.TABLES WHERE TABLE_TYPE = 'BASE TABLE' AND TABLE_NAME = 'SequelizeMeta' AND TABLE_SCHEMA = 'coach_ally'
2025-05-19T20:35:05.040Z - Executing (default): SHOW INDEX FROM `SequelizeMeta`
2025-05-19T20:35:05.050Z - Executing (default): SELECT `name` FROM `SequelizeMeta` AS `SequelizeMeta` ORDER BY `SequelizeMeta`.`name` ASC;
2025-05-19T20:35:05.059Z - Executing (default): SELECT TABLE_NAME FROM INFORMATION_SCHEMA.TABLES WHERE TABLE_TYPE = 'BASE TABLE' AND TABLE_NAME = 'SequelizeMeta' AND TABLE_SCHEMA = 'coach_ally'
2025-05-19T20:35:05.063Z - Executing (default): SHOW INDEX FROM `SequelizeMeta`
2025-05-19T20:35:05.068Z - Executing (default): SELECT `name` FROM `SequelizeMeta` AS `SequelizeMeta` ORDER BY `SequelizeMeta`.`name` ASC;
2025-05-19T20:35:35.305Z - Executing (default): SELECT 1+1 AS result
2025-05-19T20:35:35.310Z - Executing (default): SELECT TABLE_NAME FROM INFORMATION_SCHEMA.TABLES WHERE TABLE_TYPE = 'BASE TABLE' AND TABLE_SCHEMA = 'coach_ally';
2025-05-19T20:35:35.325Z - Executing (default): SELECT TABLE_NAME FROM INFORMATION_SCHEMA.TABLES WHERE TABLE_TYPE = 'BASE TABLE' AND TABLE_NAME = 'SequelizeMeta' AND TABLE_SCHEMA = 'coach_ally'
2025-05-19T20:35:35.328Z - Executing (default): SHOW INDEX FROM `SequelizeMeta`
2025-05-19T20:35:35.337Z - Executing (default): SELECT `name` FROM `SequelizeMeta` AS `SequelizeMeta` ORDER BY `SequelizeMeta`.`name` ASC;
2025-05-19T20:35:35.342Z - Executing (default): SELECT TABLE_NAME FROM INFORMATION_SCHEMA.TABLES WHERE TABLE_TYPE = 'BASE TABLE' AND TABLE_NAME = 'SequelizeMeta' AND TABLE_SCHEMA = 'coach_ally'
2025-05-19T20:35:35.345Z - Executing (default): SHOW INDEX FROM `SequelizeMeta`
2025-05-19T20:35:35.350Z - Executing (default): SELECT `name` FROM `SequelizeMeta` AS `SequelizeMeta` ORDER BY `SequelizeMeta`.`name` ASC;
2025-05-19T20:35:35.355Z - Executing (default): SELECT TABLE_NAME FROM INFORMATION_SCHEMA.TABLES WHERE TABLE_TYPE = 'BASE TABLE' AND TABLE_NAME = 'SequelizeMeta' AND TABLE_SCHEMA = 'coach_ally'
2025-05-19T20:35:35.358Z - Executing (default): SHOW INDEX FROM `SequelizeMeta`
2025-05-19T20:35:35.362Z - Executing (default): SELECT `name` FROM `SequelizeMeta` AS `SequelizeMeta` ORDER BY `SequelizeMeta`.`name` ASC;
2025-05-19T20:35:35.367Z - Executing (default): ALTER TABLE `messages` ADD `metadata` JSON;
2025-05-19T20:35:35.388Z - Executing (default): SELECT TABLE_NAME FROM INFORMATION_SCHEMA.TABLES WHERE TABLE_TYPE = 'BASE TABLE' AND TABLE_NAME = 'SequelizeMeta' AND TABLE_SCHEMA = 'coach_ally'
2025-05-19T20:35:35.391Z - Executing (default): SHOW INDEX FROM `SequelizeMeta`
2025-05-19T20:35:35.396Z - Executing (default): INSERT INTO `SequelizeMeta` (`name`) VALUES (?);
2025-05-19T20:35:35.403Z - Executing (default): SELECT TABLE_NAME FROM INFORMATION_SCHEMA.TABLES WHERE TABLE_TYPE = 'BASE TABLE' AND TABLE_NAME = 'SequelizeMeta' AND TABLE_SCHEMA = 'coach_ally'
2025-05-19T20:35:35.406Z - Executing (default): SHOW INDEX FROM `SequelizeMeta`
2025-05-19T20:35:35.409Z - Executing (default): SELECT `name` FROM `SequelizeMeta` AS `SequelizeMeta` ORDER BY `SequelizeMeta`.`name` ASC;
2025-05-19T20:35:35.413Z - Executing (default): ALTER TABLE `conversations` ADD `isAIConversation` TINYINT(1) NOT NULL DEFAULT false;
2025-05-19T20:35:47.951Z - Executing (default): SELECT 1+1 AS result
2025-05-19T20:35:47.956Z - Executing (default): SELECT TABLE_NAME FROM INFORMATION_SCHEMA.TABLES WHERE TABLE_TYPE = 'BASE TABLE' AND TABLE_SCHEMA = 'coach_ally';
2025-05-19T20:35:47.963Z - Executing (default): SELECT TABLE_NAME FROM INFORMATION_SCHEMA.TABLES WHERE TABLE_TYPE = 'BASE TABLE' AND TABLE_NAME = 'SequelizeMeta' AND TABLE_SCHEMA = 'coach_ally'
2025-05-19T20:35:47.967Z - Executing (default): SHOW INDEX FROM `SequelizeMeta`
2025-05-19T20:35:47.977Z - Executing (default): SELECT `name` FROM `SequelizeMeta` AS `SequelizeMeta` ORDER BY `SequelizeMeta`.`name` ASC;
2025-05-19T20:35:47.987Z - Executing (default): SELECT TABLE_NAME FROM INFORMATION_SCHEMA.TABLES WHERE TABLE_TYPE = 'BASE TABLE' AND TABLE_NAME = 'SequelizeMeta' AND TABLE_SCHEMA = 'coach_ally'
2025-05-19T20:35:47.991Z - Executing (default): SHOW INDEX FROM `SequelizeMeta`
2025-05-19T20:35:47.995Z - Executing (default): SELECT `name` FROM `SequelizeMeta` AS `SequelizeMeta` ORDER BY `SequelizeMeta`.`name` ASC;
2025-05-19T20:38:54.533Z - Executing (default): SELECT 1+1 AS result
2025-05-19T20:38:54.539Z - Executing (default): SELECT TABLE_NAME FROM INFORMATION_SCHEMA.TABLES WHERE TABLE_TYPE = 'BASE TABLE' AND TABLE_SCHEMA = 'coach_ally';
2025-05-19T20:38:54.551Z - Executing (default): SELECT TABLE_NAME FROM INFORMATION_SCHEMA.TABLES WHERE TABLE_TYPE = 'BASE TABLE' AND TABLE_NAME = 'SequelizeMeta' AND TABLE_SCHEMA = 'coach_ally'
2025-05-19T20:38:54.555Z - Executing (default): SHOW INDEX FROM `SequelizeMeta`
2025-05-19T20:38:54.563Z - Executing (default): SELECT `name` FROM `SequelizeMeta` AS `SequelizeMeta` ORDER BY `SequelizeMeta`.`name` ASC;
2025-05-19T20:38:54.569Z - Executing (default): SELECT TABLE_NAME FROM INFORMATION_SCHEMA.TABLES WHERE TABLE_TYPE = 'BASE TABLE' AND TABLE_NAME = 'SequelizeMeta' AND TABLE_SCHEMA = 'coach_ally'
2025-05-19T20:38:54.573Z - Executing (default): SHOW INDEX FROM `SequelizeMeta`
2025-05-19T20:38:54.577Z - Executing (default): SELECT `name` FROM `SequelizeMeta` AS `SequelizeMeta` ORDER BY `SequelizeMeta`.`name` ASC;
2025-05-19T20:38:54.582Z - Executing (default): SELECT TABLE_NAME FROM INFORMATION_SCHEMA.TABLES WHERE TABLE_TYPE = 'BASE TABLE' AND TABLE_NAME = 'SequelizeMeta' AND TABLE_SCHEMA = 'coach_ally'
2025-05-19T20:38:54.586Z - Executing (default): SHOW INDEX FROM `SequelizeMeta`
2025-05-19T20:38:54.590Z - Executing (default): SELECT `name` FROM `SequelizeMeta` AS `SequelizeMeta` ORDER BY `SequelizeMeta`.`name` ASC;
2025-05-19T20:38:54.595Z - Executing (default): ALTER TABLE `conversations` ADD `isAIConversation` TINYINT(1) NOT NULL DEFAULT false;
2025-05-19T20:39:06.875Z - Executing (default): SELECT 1+1 AS result
2025-05-19T20:39:06.880Z - Executing (default): SELECT TABLE_NAME FROM INFORMATION_SCHEMA.TABLES WHERE TABLE_TYPE = 'BASE TABLE' AND TABLE_SCHEMA = 'coach_ally';
2025-05-19T20:39:06.886Z - Executing (default): SELECT TABLE_NAME FROM INFORMATION_SCHEMA.TABLES WHERE TABLE_TYPE = 'BASE TABLE' AND TABLE_NAME = 'SequelizeMeta' AND TABLE_SCHEMA = 'coach_ally'
2025-05-19T20:39:06.890Z - Executing (default): SHOW INDEX FROM `SequelizeMeta`
2025-05-19T20:39:06.898Z - Executing (default): SELECT `name` FROM `SequelizeMeta` AS `SequelizeMeta` ORDER BY `SequelizeMeta`.`name` ASC;
2025-05-19T20:39:06.909Z - Executing (default): SELECT TABLE_NAME FROM INFORMATION_SCHEMA.TABLES WHERE TABLE_TYPE = 'BASE TABLE' AND TABLE_NAME = 'SequelizeMeta' AND TABLE_SCHEMA = 'coach_ally'
2025-05-19T20:39:06.913Z - Executing (default): SHOW INDEX FROM `SequelizeMeta`
2025-05-19T20:39:06.918Z - Executing (default): SELECT `name` FROM `SequelizeMeta` AS `SequelizeMeta` ORDER BY `SequelizeMeta`.`name` ASC;
2025-05-19T20:39:29.046Z - Executing (default): SELECT 1+1 AS result
2025-05-19T20:39:29.051Z - Executing (default): SELECT TABLE_NAME FROM INFORMATION_SCHEMA.TABLES WHERE TABLE_TYPE = 'BASE TABLE' AND TABLE_SCHEMA = 'coach_ally';
2025-05-19T20:39:29.061Z - Executing (default): SELECT TABLE_NAME FROM INFORMATION_SCHEMA.TABLES WHERE TABLE_TYPE = 'BASE TABLE' AND TABLE_NAME = 'SequelizeMeta' AND TABLE_SCHEMA = 'coach_ally'
2025-05-19T20:39:29.064Z - Executing (default): SHOW INDEX FROM `SequelizeMeta`
2025-05-19T20:39:29.073Z - Executing (default): SELECT `name` FROM `SequelizeMeta` AS `SequelizeMeta` ORDER BY `SequelizeMeta`.`name` ASC;
2025-05-19T20:39:29.078Z - Executing (default): SELECT TABLE_NAME FROM INFORMATION_SCHEMA.TABLES WHERE TABLE_TYPE = 'BASE TABLE' AND TABLE_NAME = 'SequelizeMeta' AND TABLE_SCHEMA = 'coach_ally'
2025-05-19T20:39:29.081Z - Executing (default): SHOW INDEX FROM `SequelizeMeta`
2025-05-19T20:39:29.086Z - Executing (default): SELECT `name` FROM `SequelizeMeta` AS `SequelizeMeta` ORDER BY `SequelizeMeta`.`name` ASC;
2025-05-19T20:39:29.091Z - Executing (default): SELECT TABLE_NAME FROM INFORMATION_SCHEMA.TABLES WHERE TABLE_TYPE = 'BASE TABLE' AND TABLE_NAME = 'SequelizeMeta' AND TABLE_SCHEMA = 'coach_ally'
2025-05-19T20:39:29.094Z - Executing (default): SHOW INDEX FROM `SequelizeMeta`
2025-05-19T20:39:29.099Z - Executing (default): SELECT `name` FROM `SequelizeMeta` AS `SequelizeMeta` ORDER BY `SequelizeMeta`.`name` ASC;
2025-05-19T20:39:29.105Z - Executing (default): ALTER TABLE `conversations` ADD `isAIConversation` TINYINT(1) NOT NULL DEFAULT false;
2025-05-19T20:45:10.430Z - Executing (default): SELECT 1+1 AS result
2025-05-19T20:45:10.436Z - Executing (default): SELECT TABLE_NAME FROM INFORMATION_SCHEMA.TABLES WHERE TABLE_TYPE = 'BASE TABLE' AND TABLE_SCHEMA = 'coach_ally';
2025-05-19T20:45:10.446Z - Executing (default): SELECT TABLE_NAME FROM INFORMATION_SCHEMA.TABLES WHERE TABLE_TYPE = 'BASE TABLE' AND TABLE_NAME = 'SequelizeMeta' AND TABLE_SCHEMA = 'coach_ally'
2025-05-19T20:45:10.449Z - Executing (default): SHOW INDEX FROM `SequelizeMeta`
2025-05-19T20:45:10.459Z - Executing (default): SELECT `name` FROM `SequelizeMeta` AS `SequelizeMeta` ORDER BY `SequelizeMeta`.`name` ASC;
2025-05-19T20:45:10.466Z - Executing (default): SELECT TABLE_NAME FROM INFORMATION_SCHEMA.TABLES WHERE TABLE_TYPE = 'BASE TABLE' AND TABLE_NAME = 'SequelizeMeta' AND TABLE_SCHEMA = 'coach_ally'
2025-05-19T20:45:10.469Z - Executing (default): SHOW INDEX FROM `SequelizeMeta`
2025-05-19T20:45:10.474Z - Executing (default): SELECT `name` FROM `SequelizeMeta` AS `SequelizeMeta` ORDER BY `SequelizeMeta`.`name` ASC;
2025-05-19T20:45:10.479Z - Executing (default): SELECT TABLE_NAME FROM INFORMATION_SCHEMA.TABLES WHERE TABLE_TYPE = 'BASE TABLE' AND TABLE_NAME = 'SequelizeMeta' AND TABLE_SCHEMA = 'coach_ally'
2025-05-19T20:45:10.483Z - Executing (default): SHOW INDEX FROM `SequelizeMeta`
2025-05-19T20:45:10.487Z - Executing (default): SELECT `name` FROM `SequelizeMeta` AS `SequelizeMeta` ORDER BY `SequelizeMeta`.`name` ASC;
2025-05-19T20:45:10.492Z - Executing (default): ALTER TABLE `conversations` ADD `isAIConversation` TINYINT(1) NOT NULL DEFAULT false;
2025-05-19T20:48:35.196Z - Executing (default): SELECT 1+1 AS result
2025-05-19T20:48:35.201Z - Executing (default): SELECT TABLE_NAME FROM INFORMATION_SCHEMA.TABLES WHERE TABLE_TYPE = 'BASE TABLE' AND TABLE_SCHEMA = 'coach_ally';
2025-05-19T20:48:35.213Z - Executing (default): SELECT TABLE_NAME FROM INFORMATION_SCHEMA.TABLES WHERE TABLE_TYPE = 'BASE TABLE' AND TABLE_NAME = 'SequelizeMeta' AND TABLE_SCHEMA = 'coach_ally'
2025-05-19T20:48:35.217Z - Executing (default): SHOW INDEX FROM `SequelizeMeta`
2025-05-19T20:48:35.226Z - Executing (default): SELECT `name` FROM `SequelizeMeta` AS `SequelizeMeta` ORDER BY `SequelizeMeta`.`name` ASC;
2025-05-19T20:48:35.233Z - Executing (default): SELECT TABLE_NAME FROM INFORMATION_SCHEMA.TABLES WHERE TABLE_TYPE = 'BASE TABLE' AND TABLE_NAME = 'SequelizeMeta' AND TABLE_SCHEMA = 'coach_ally'
2025-05-19T20:48:35.237Z - Executing (default): SHOW INDEX FROM `SequelizeMeta`
2025-05-19T20:48:35.242Z - Executing (default): SELECT `name` FROM `SequelizeMeta` AS `SequelizeMeta` ORDER BY `SequelizeMeta`.`name` ASC;
2025-05-19T20:48:35.249Z - Executing (default): SELECT TABLE_NAME FROM INFORMATION_SCHEMA.TABLES WHERE TABLE_TYPE = 'BASE TABLE' AND TABLE_NAME = 'SequelizeMeta' AND TABLE_SCHEMA = 'coach_ally'
2025-05-19T20:48:35.253Z - Executing (default): SHOW INDEX FROM `SequelizeMeta`
2025-05-19T20:48:35.257Z - Executing (default): SELECT `name` FROM `SequelizeMeta` AS `SequelizeMeta` ORDER BY `SequelizeMeta`.`name` ASC;
2025-05-19T20:48:35.263Z - Executing (default): ALTER TABLE `conversations` ADD `isAIConversation` TINYINT(1) NOT NULL DEFAULT false;
2025-05-19T20:49:52.050Z - Executing (default): SELECT 1+1 AS result
2025-05-19T20:49:52.055Z - Executing (default): SELECT TABLE_NAME FROM INFORMATION_SCHEMA.TABLES WHERE TABLE_TYPE = 'BASE TABLE' AND TABLE_SCHEMA = 'coach_ally';
2025-05-19T20:49:52.065Z - Executing (default): SELECT TABLE_NAME FROM INFORMATION_SCHEMA.TABLES WHERE TABLE_TYPE = 'BASE TABLE' AND TABLE_NAME = 'SequelizeMeta' AND TABLE_SCHEMA = 'coach_ally'
2025-05-19T20:49:52.070Z - Executing (default): SHOW INDEX FROM `SequelizeMeta`
2025-05-19T20:49:52.079Z - Executing (default): SELECT `name` FROM `SequelizeMeta` AS `SequelizeMeta` ORDER BY `SequelizeMeta`.`name` ASC;
2025-05-19T20:49:52.086Z - Executing (default): SELECT TABLE_NAME FROM INFORMATION_SCHEMA.TABLES WHERE TABLE_TYPE = 'BASE TABLE' AND TABLE_NAME = 'SequelizeMeta' AND TABLE_SCHEMA = 'coach_ally'
2025-05-19T20:49:52.089Z - Executing (default): SHOW INDEX FROM `SequelizeMeta`
2025-05-19T20:49:52.093Z - Executing (default): SELECT `name` FROM `SequelizeMeta` AS `SequelizeMeta` ORDER BY `SequelizeMeta`.`name` ASC;
2025-05-19T20:49:52.100Z - Executing (default): SELECT TABLE_NAME FROM INFORMATION_SCHEMA.TABLES WHERE TABLE_TYPE = 'BASE TABLE' AND TABLE_NAME = 'SequelizeMeta' AND TABLE_SCHEMA = 'coach_ally'
2025-05-19T20:49:52.103Z - Executing (default): SHOW INDEX FROM `SequelizeMeta`
2025-05-19T20:49:52.107Z - Executing (default): SELECT `name` FROM `SequelizeMeta` AS `SequelizeMeta` ORDER BY `SequelizeMeta`.`name` ASC;
2025-05-19T20:49:52.111Z - Executing (default): ALTER TABLE `conversations` ADD `isAIConversation` TINYINT(1) NOT NULL DEFAULT false;
2025-05-19T20:54:15.883Z - Executing (default): SELECT 1+1 AS result
2025-05-19T20:54:15.888Z - Executing (default): SELECT TABLE_NAME FROM INFORMATION_SCHEMA.TABLES WHERE TABLE_TYPE = 'BASE TABLE' AND TABLE_SCHEMA = 'coach_ally';
2025-05-19T20:54:15.894Z - Executing (default): SELECT TABLE_NAME FROM INFORMATION_SCHEMA.TABLES WHERE TABLE_TYPE = 'BASE TABLE' AND TABLE_NAME = 'SequelizeMeta' AND TABLE_SCHEMA = 'coach_ally'
2025-05-19T20:54:15.897Z - Executing (default): SHOW INDEX FROM `SequelizeMeta`
2025-05-19T20:54:15.906Z - Executing (default): SELECT `name` FROM `SequelizeMeta` AS `SequelizeMeta` ORDER BY `SequelizeMeta`.`name` ASC;
2025-05-19T20:54:15.916Z - Executing (default): SELECT TABLE_NAME FROM INFORMATION_SCHEMA.TABLES WHERE TABLE_TYPE = 'BASE TABLE' AND TABLE_NAME = 'SequelizeMeta' AND TABLE_SCHEMA = 'coach_ally'
2025-05-19T20:54:15.920Z - Executing (default): SHOW INDEX FROM `SequelizeMeta`
2025-05-19T20:54:15.924Z - Executing (default): SELECT `name` FROM `SequelizeMeta` AS `SequelizeMeta` ORDER BY `SequelizeMeta`.`name` ASC;
